{"/Users/lixiaodong/Desktop/workspace/yeehome/src/renderer/components/common/AuthAlert.vue": {"path":"/Users/lixiaodong/Desktop/workspace/yeehome/src/renderer/components/common/AuthAlert.vue","statementMap":{"0":{"start":{"line":25,"column":14},"end":{"line":25,"column":null}},"1":{"start":{"line":31,"column":6},"end":{"line":31,"column":null}},"2":{"start":{"line":31,"column":34},"end":{"line":31,"column":44}},"3":{"start":{"line":10,"column":15},"end":{"line":10,"column":29}},"4":{"start":{"line":11,"column":45},"end":{"line":11,"column":64}},"5":{"start":{"line":13,"column":6},"end":{"line":13,"column":18}}},"fnMap":{"0":{"name":"(anonymous_0)","decl":{"start":{"line":31,"column":28},"end":{"line":31,"column":34}},"loc":{"start":{"line":31,"column":34},"end":{"line":31,"column":44}},"line":31},"1":{"name":"(anonymous_1)","decl":{"start":{"line":11,"column":43},"end":{"line":11,"column":45}},"loc":{"start":{"line":11,"column":45},"end":{"line":11,"column":64}},"line":11},"2":{"name":"(anonymous_2)","decl":{"start":{"line":11,"column":64},"end":{"line":11,"column":null}},"loc":{"start":{"line":13,"column":6},"end":{"line":13,"column":18}},"line":13}},"branchMap":{},"s":{"0":0,"1":0,"2":0,"3":0,"4":0,"5":0},"f":{"0":0,"1":0,"2":0},"b":{},"meta":{"lastBranch":0,"lastFunction":3,"lastStatement":6,"seen":{"s:25:14:25:Infinity":0,"s:31:6:31:Infinity":1,"f:31:28:31:34":0,"s:31:34:31:44":2,"s:10:15:10:29":3,"f:11:43:11:45":1,"s:11:45:11:64":4,"f:11:64:11:Infinity":2,"s:13:6:13:18":5}}}
,"/Users/lixiaodong/Desktop/workspace/yeehome/src/renderer/components/common/EmptyState.vue": {"path":"/Users/lixiaodong/Desktop/workspace/yeehome/src/renderer/components/common/EmptyState.vue","statementMap":{"0":{"start":{"line":9,"column":14},"end":{"line":9,"column":null}},"1":{"start":{"line":11,"column":9},"end":{"line":11,"column":22}},"2":{"start":{"line":11,"column":22},"end":{"line":11,"column":22}}},"fnMap":{"0":{"name":"(anonymous_0)","decl":{"start":{"line":9,"column":12},"end":{"line":9,"column":14}},"loc":{"start":{"line":9,"column":14},"end":{"line":9,"column":null}},"line":9},"1":{"name":"(anonymous_1)","decl":{"start":{"line":11,"column":6},"end":{"line":11,"column":9}},"loc":{"start":{"line":11,"column":22},"end":{"line":11,"column":22}},"line":11}},"branchMap":{},"s":{"0":0,"1":0,"2":0},"f":{"0":0,"1":0},"b":{},"meta":{"lastBranch":0,"lastFunction":2,"lastStatement":3,"seen":{"f:9:12:9:14":0,"s:9:14:9:Infinity":0,"s:11:9:11:22":1,"f:11:6:11:9":1,"s:11:22:11:22":2}}}
,"/Users/lixiaodong/Desktop/workspace/yeehome/src/renderer/components/common/PageHeader.vue": {"path":"/Users/lixiaodong/Desktop/workspace/yeehome/src/renderer/components/common/PageHeader.vue","statementMap":{"0":{"start":{"line":2,"column":7},"end":{"line":4,"column":null}},"1":{"start":{"line":7,"column":15},"end":{"line":7,"column":null}},"2":{"start":{"line":18,"column":18},"end":{"line":18,"column":null}},"3":{"start":{"line":20,"column":13},"end":{"line":20,"column":null}}},"fnMap":{"0":{"name":"(anonymous_0)","decl":{"start":{"line":18,"column":16},"end":{"line":18,"column":18}},"loc":{"start":{"line":18,"column":18},"end":{"line":18,"column":null}},"line":18}},"branchMap":{},"s":{"0":0,"1":0,"2":0,"3":0},"f":{"0":0},"b":{},"meta":{"lastBranch":0,"lastFunction":1,"lastStatement":4,"seen":{"s:2:7:4:Infinity":0,"s:7:15:7:Infinity":1,"f:18:16:18:18":0,"s:18:18:18:Infinity":2,"s:20:13:20:Infinity":3}}}
,"/Users/lixiaodong/Desktop/workspace/yeehome/src/renderer/components/device/DeviceCard.vue": {"path":"/Users/lixiaodong/Desktop/workspace/yeehome/src/renderer/components/device/DeviceCard.vue","statementMap":{"0":{"start":{"line":74,"column":14},"end":{"line":74,"column":null}},"1":{"start":{"line":75,"column":13},"end":{"line":75,"column":null}},"2":{"start":{"line":78,"column":6},"end":{"line":78,"column":null}},"3":{"start":{"line":81,"column":6},"end":{"line":81,"column":null}},"4":{"start":{"line":81,"column":33},"end":{"line":81,"column":60}},"5":{"start":{"line":84,"column":6},"end":{"line":87,"column":null}},"6":{"start":{"line":84,"column":34},"end":{"line":87,"column":2}},"7":{"start":{"line":90,"column":6},"end":{"line":94,"column":null}},"8":{"start":{"line":90,"column":36},"end":{"line":94,"column":2}},"9":{"start":{"line":97,"column":6},"end":{"line":109,"column":null}},"10":{"start":{"line":98,"column":43},"end":{"line":107,"column":null}},"11":{"start":{"line":108,"column":2},"end":{"line":108,"column":null}},"12":{"start":{"line":112,"column":6},"end":{"line":118,"column":null}},"13":{"start":{"line":113,"column":2},"end":{"line":113,"column":null}},"14":{"start":{"line":113,"column":25},"end":{"line":113,"column":null}},"15":{"start":{"line":114,"column":13},"end":{"line":114,"column":null}},"16":{"start":{"line":115,"column":13},"end":{"line":115,"column":null}},"17":{"start":{"line":116,"column":12},"end":{"line":116,"column":null}},"18":{"start":{"line":117,"column":2},"end":{"line":117,"column":null}},"19":{"start":{"line":121,"column":20},"end":{"line":123,"column":null}},"20":{"start":{"line":122,"column":2},"end":{"line":122,"column":null}},"21":{"start":{"line":126,"column":26},"end":{"line":133,"column":null}},"22":{"start":{"line":127,"column":2},"end":{"line":127,"column":null}},"23":{"start":{"line":128,"column":2},"end":{"line":128,"column":null}},"24":{"start":{"line":130,"column":2},"end":{"line":132,"column":null}},"25":{"start":{"line":131,"column":4},"end":{"line":131,"column":null}},"26":{"start":{"line":11,"column":47},"end":{"line":12,"column":69}},"27":{"start":{"line":26,"column":17},"end":{"line":26,"column":37}},"28":{"start":{"line":38,"column":17},"end":{"line":38,"column":33}},"29":{"start":{"line":42,"column":17},"end":{"line":42,"column":29}},"30":{"start":{"line":45,"column":59},"end":{"line":46,"column":35}},"31":{"start":{"line":25,"column":24},"end":{"line":25,"column":34}},"32":{"start":{"line":37,"column":26},"end":{"line":37,"column":36}},"33":{"start":{"line":41,"column":25},"end":{"line":41,"column":35}},"34":{"start":{"line":52,"column":37},"end":{"line":52,"column":47}}},"fnMap":{"0":{"name":"(anonymous_0)","decl":{"start":{"line":81,"column":27},"end":{"line":81,"column":33}},"loc":{"start":{"line":81,"column":33},"end":{"line":81,"column":60}},"line":81},"1":{"name":"(anonymous_1)","decl":{"start":{"line":84,"column":27},"end":{"line":84,"column":34}},"loc":{"start":{"line":84,"column":34},"end":{"line":87,"column":2}},"line":84},"2":{"name":"(anonymous_2)","decl":{"start":{"line":90,"column":29},"end":{"line":90,"column":36}},"loc":{"start":{"line":90,"column":36},"end":{"line":94,"column":2}},"line":90},"3":{"name":"(anonymous_3)","decl":{"start":{"line":97,"column":28},"end":{"line":97,"column":34}},"loc":{"start":{"line":97,"column":34},"end":{"line":109,"column":1}},"line":97},"4":{"name":"(anonymous_4)","decl":{"start":{"line":112,"column":26},"end":{"line":112,"column":32}},"loc":{"start":{"line":112,"column":32},"end":{"line":118,"column":1}},"line":112},"5":{"name":"(anonymous_5)","decl":{"start":{"line":121,"column":20},"end":{"line":121,"column":26}},"loc":{"start":{"line":121,"column":26},"end":{"line":123,"column":null}},"line":121},"6":{"name":"(anonymous_6)","decl":{"start":{"line":126,"column":26},"end":{"line":126,"column":33}},"loc":{"start":{"line":126,"column":52},"end":{"line":133,"column":null}},"line":126},"7":{"name":"(anonymous_7)","decl":{"start":{"line":130,"column":13},"end":{"line":130,"column":19}},"loc":{"start":{"line":130,"column":19},"end":{"line":132,"column":5}},"line":130},"8":{"name":"(anonymous_8)","decl":{"start":{"line":18,"column":8},"end":{"line":18,"column":9}},"loc":{"start":{"line":18,"column":8},"end":{"line":18,"column":9}},"line":18},"9":{"name":"(anonymous_9)","decl":{"start":{"line":25,"column":17},"end":{"line":25,"column":24}},"loc":{"start":{"line":25,"column":24},"end":{"line":25,"column":34}},"line":25},"10":{"name":"(anonymous_10)","decl":{"start":{"line":37,"column":17},"end":{"line":37,"column":26}},"loc":{"start":{"line":37,"column":26},"end":{"line":37,"column":36}},"line":37},"11":{"name":"(anonymous_11)","decl":{"start":{"line":41,"column":17},"end":{"line":41,"column":25}},"loc":{"start":{"line":41,"column":25},"end":{"line":41,"column":35}},"line":41},"12":{"name":"(anonymous_12)","decl":{"start":{"line":52,"column":15},"end":{"line":52,"column":37}},"loc":{"start":{"line":52,"column":37},"end":{"line":52,"column":47}},"line":52}},"branchMap":{"0":{"loc":{"start":{"line":91,"column":16},"end":{"line":91,"column":null}},"type":"binary-expr","locations":[{"start":{"line":91,"column":16},"end":{"line":91,"column":35}},{"start":{"line":91,"column":35},"end":{"line":91,"column":null}}],"line":91},"1":{"loc":{"start":{"line":92,"column":17},"end":{"line":92,"column":null}},"type":"binary-expr","locations":[{"start":{"line":92,"column":17},"end":{"line":92,"column":37}},{"start":{"line":92,"column":37},"end":{"line":92,"column":null}}],"line":92},"2":{"loc":{"start":{"line":108,"column":9},"end":{"line":108,"column":null}},"type":"binary-expr","locations":[{"start":{"line":108,"column":9},"end":{"line":108,"column":41}},{"start":{"line":108,"column":41},"end":{"line":108,"column":null}}],"line":108},"3":{"loc":{"start":{"line":113,"column":2},"end":{"line":113,"column":null}},"type":"if","locations":[{"start":{"line":113,"column":2},"end":{"line":113,"column":null}},{"start":{},"end":{}}],"line":113},"4":{"loc":{"start":{"line":12,"column":37},"end":{"line":12,"column":69}},"type":"binary-expr","locations":[{"start":{"line":12,"column":37},"end":{"line":12,"column":48}},{"start":{"line":12,"column":48},"end":{"line":12,"column":69}}],"line":12},"5":{"loc":{"start":{"line":44,"column":46},"end":{"line":44,"column":null}},"type":"binary-expr","locations":[{"start":{"line":44,"column":46},"end":{"line":44,"column":60}},{"start":{"line":44,"column":60},"end":{"line":44,"column":null}}],"line":44},"6":{"loc":{"start":{"line":29,"column":14},"end":{"line":30,"column":null}},"type":"cond-expr","locations":[{"start":{"line":29,"column":30},"end":{"line":30,"column":null}},{"start":{"line":30,"column":25},"end":{"line":30,"column":null}}],"line":29},"7":{"loc":{"start":{"line":36,"column":35},"end":{"line":38,"column":41}},"type":"cond-expr","locations":[{"start":{"line":36,"column":42},"end":{"line":38,"column":41}},{"start":{"line":38,"column":34},"end":{"line":38,"column":41}}],"line":36},"8":{"loc":{"start":{"line":40,"column":35},"end":{"line":42,"column":37}},"type":"cond-expr","locations":[{"start":{"line":40,"column":42},"end":{"line":42,"column":37}},{"start":{"line":42,"column":30},"end":{"line":42,"column":37}}],"line":40},"9":{"loc":{"start":{"line":44,"column":46},"end":{"line":46,"column":35}},"type":"cond-expr","locations":[{"start":{"line":44,"column":77},"end":{"line":46,"column":35}},{"start":{"line":46,"column":25},"end":{"line":46,"column":35}}],"line":44},"10":{"loc":{"start":{"line":50,"column":4},"end":{"line":53,"column":23}},"type":"cond-expr","locations":[{"start":{"line":51,"column":47},"end":{"line":53,"column":23}},{"start":{"line":53,"column":16},"end":{"line":53,"column":23}}],"line":50}},"s":{"0":0,"1":0,"2":0,"3":0,"4":0,"5":0,"6":0,"7":0,"8":0,"9":0,"10":0,"11":0,"12":0,"13":0,"14":0,"15":0,"16":0,"17":0,"18":0,"19":0,"20":0,"21":0,"22":0,"23":0,"24":0,"25":0,"26":0,"27":0,"28":0,"29":0,"30":0,"31":0,"32":0,"33":0,"34":0},"f":{"0":0,"1":0,"2":0,"3":0,"4":0,"5":0,"6":0,"7":0,"8":0,"9":0,"10":0,"11":0,"12":0},"b":{"0":[0,0],"1":[0,0],"2":[0,0],"3":[0,0],"4":[0,0],"5":[0,0],"6":[0,0],"7":[0,0],"8":[0,0],"9":[0,0],"10":[0,0]},"meta":{"lastBranch":11,"lastFunction":13,"lastStatement":35,"seen":{"s:74:14:74:Infinity":0,"s:75:13:75:Infinity":1,"s:78:6:78:Infinity":2,"s:81:6:81:Infinity":3,"f:81:27:81:33":0,"s:81:33:81:60":4,"s:84:6:87:Infinity":5,"f:84:27:84:34":1,"s:84:34:87:2":6,"s:90:6:94:Infinity":7,"f:90:29:90:36":2,"s:90:36:94:2":8,"b:91:16:91:35:91:35:91:Infinity":0,"b:92:17:92:37:92:37:92:Infinity":1,"s:97:6:109:Infinity":9,"f:97:28:97:34":3,"s:98:43:107:Infinity":10,"s:108:2:108:Infinity":11,"b:108:9:108:41:108:41:108:Infinity":2,"s:112:6:118:Infinity":12,"f:112:26:112:32":4,"b:113:2:113:Infinity:undefined:undefined:undefined:undefined":3,"s:113:2:113:Infinity":13,"s:113:25:113:Infinity":14,"s:114:13:114:Infinity":15,"s:115:13:115:Infinity":16,"s:116:12:116:Infinity":17,"s:117:2:117:Infinity":18,"s:121:20:123:Infinity":19,"f:121:20:121:26":5,"s:122:2:122:Infinity":20,"s:126:26:133:Infinity":21,"f:126:26:126:33":6,"s:127:2:127:Infinity":22,"s:128:2:128:Infinity":23,"s:130:2:132:Infinity":24,"f:130:13:130:19":7,"s:131:4:131:Infinity":25,"s:11:47:12:69":26,"b:12:37:12:48:12:48:12:69":4,"f:18:8:18:9":8,"s:26:17:26:37":27,"s:38:17:38:33":28,"s:42:17:42:29":29,"b:44:46:44:60:44:60:44:Infinity":5,"s:45:59:46:35":30,"f:25:17:25:24":9,"s:25:24:25:34":31,"b:29:30:30:Infinity:30:25:30:Infinity":6,"b:36:42:38:41:38:34:38:41":7,"f:37:17:37:26":10,"s:37:26:37:36":32,"b:40:42:42:37:42:30:42:37":8,"f:41:17:41:25":11,"s:41:25:41:35":33,"b:44:77:46:35:46:25:46:35":9,"b:51:47:53:23:53:16:53:23":10,"f:52:15:52:37":12,"s:52:37:52:47":34}}}
,"/Users/lixiaodong/Desktop/workspace/yeehome/src/renderer/components/device/DeviceFeatureTags.vue": {"path":"/Users/lixiaodong/Desktop/workspace/yeehome/src/renderer/components/device/DeviceFeatureTags.vue","statementMap":{"0":{"start":{"line":28,"column":14},"end":{"line":28,"column":null}},"1":{"start":{"line":31,"column":48},"end":{"line":41,"column":null}},"2":{"start":{"line":44,"column":6},"end":{"line":57,"column":null}},"3":{"start":{"line":45,"column":34},"end":{"line":45,"column":null}},"4":{"start":{"line":46,"column":24},"end":{"line":46,"column":null}},"5":{"start":{"line":48,"column":2},"end":{"line":54,"column":null}},"6":{"start":{"line":49,"column":20},"end":{"line":49,"column":null}},"7":{"start":{"line":50,"column":4},"end":{"line":53,"column":null}},"8":{"start":{"line":51,"column":6},"end":{"line":51,"column":null}},"9":{"start":{"line":52,"column":6},"end":{"line":52,"column":null}},"10":{"start":{"line":56,"column":2},"end":{"line":56,"column":null}},"11":{"start":{"line":2,"column":7},"end":{"line":2,"column":null}},"12":{"start":{"line":10,"column":9},"end":{"line":10,"column":null}}},"fnMap":{"0":{"name":"(anonymous_0)","decl":{"start":{"line":44,"column":33},"end":{"line":44,"column":39}},"loc":{"start":{"line":44,"column":39},"end":{"line":57,"column":1}},"line":44},"1":{"name":"(anonymous_1)","decl":{"start":{"line":48,"column":24},"end":{"line":48,"column":34}},"loc":{"start":{"line":48,"column":34},"end":{"line":54,"column":3}},"line":48}},"branchMap":{"0":{"loc":{"start":{"line":50,"column":4},"end":{"line":53,"column":null}},"type":"if","locations":[{"start":{"line":50,"column":4},"end":{"line":53,"column":null}},{"start":{},"end":{}}],"line":50},"1":{"loc":{"start":{"line":50,"column":8},"end":{"line":50,"column":53}},"type":"binary-expr","locations":[{"start":{"line":50,"column":8},"end":{"line":50,"column":19}},{"start":{"line":50,"column":19},"end":{"line":50,"column":53}}],"line":50}},"s":{"0":0,"1":0,"2":0,"3":0,"4":0,"5":0,"6":0,"7":0,"8":0,"9":0,"10":0,"11":0,"12":0},"f":{"0":0,"1":0},"b":{"0":[0,0],"1":[0,0]},"meta":{"lastBranch":2,"lastFunction":2,"lastStatement":13,"seen":{"s:28:14:28:Infinity":0,"s:31:48:41:Infinity":1,"s:44:6:57:Infinity":2,"f:44:33:44:39":0,"s:45:34:45:Infinity":3,"s:46:24:46:Infinity":4,"s:48:2:54:Infinity":5,"f:48:24:48:34":1,"s:49:20:49:Infinity":6,"b:50:4:53:Infinity:undefined:undefined:undefined:undefined":0,"s:50:4:53:Infinity":7,"b:50:8:50:19:50:19:50:53":1,"s:51:6:51:Infinity":8,"s:52:6:52:Infinity":9,"s:56:2:56:Infinity":10,"s:2:7:2:Infinity":11,"s:10:9:10:Infinity":12}}}
,"/Users/lixiaodong/Desktop/workspace/yeehome/src/renderer/components/device/DeviceGrid.vue": {"path":"/Users/lixiaodong/Desktop/workspace/yeehome/src/renderer/components/device/DeviceGrid.vue","statementMap":{"0":{"start":{"line":47,"column":14},"end":{"line":47,"column":null}},"1":{"start":{"line":52,"column":13},"end":{"line":52,"column":null}},"2":{"start":{"line":54,"column":26},"end":{"line":56,"column":null}},"3":{"start":{"line":55,"column":2},"end":{"line":55,"column":null}},"4":{"start":{"line":58,"column":26},"end":{"line":60,"column":null}},"5":{"start":{"line":59,"column":2},"end":{"line":59,"column":null}},"6":{"start":{"line":2,"column":7},"end":{"line":2,"column":null}},"7":{"start":{"line":8,"column":19},"end":{"line":8,"column":null}},"8":{"start":{"line":11,"column":67},"end":{"line":11,"column":85}},"9":{"start":{"line":13,"column":8},"end":{"line":13,"column":20}}},"fnMap":{"0":{"name":"(anonymous_0)","decl":{"start":{"line":54,"column":26},"end":{"line":54,"column":27}},"loc":{"start":{"line":54,"column":46},"end":{"line":56,"column":null}},"line":54},"1":{"name":"(anonymous_1)","decl":{"start":{"line":58,"column":26},"end":{"line":58,"column":27}},"loc":{"start":{"line":58,"column":64},"end":{"line":60,"column":null}},"line":58},"2":{"name":"(anonymous_2)","decl":{"start":{"line":8,"column":12},"end":{"line":8,"column":19}},"loc":{"start":{"line":8,"column":19},"end":{"line":8,"column":null}},"line":8},"3":{"name":"(anonymous_3)","decl":{"start":{"line":11,"column":65},"end":{"line":11,"column":67}},"loc":{"start":{"line":11,"column":67},"end":{"line":11,"column":85}},"line":11},"4":{"name":"(anonymous_4)","decl":{"start":{"line":11,"column":85},"end":{"line":11,"column":null}},"loc":{"start":{"line":13,"column":8},"end":{"line":13,"column":20}},"line":13}},"branchMap":{},"s":{"0":0,"1":0,"2":0,"3":0,"4":0,"5":0,"6":0,"7":0,"8":0,"9":0},"f":{"0":0,"1":0,"2":0,"3":0,"4":0},"b":{},"meta":{"lastBranch":0,"lastFunction":5,"lastStatement":10,"seen":{"s:47:14:47:Infinity":0,"s:52:13:52:Infinity":1,"s:54:26:56:Infinity":2,"f:54:26:54:27":0,"s:55:2:55:Infinity":3,"s:58:26:60:Infinity":4,"f:58:26:58:27":1,"s:59:2:59:Infinity":5,"s:2:7:2:Infinity":6,"f:8:12:8:19":2,"s:8:19:8:Infinity":7,"f:11:65:11:67":3,"s:11:67:11:85":8,"f:11:85:11:Infinity":4,"s:13:8:13:20":9}}}
,"/Users/lixiaodong/Desktop/workspace/yeehome/src/renderer/components/device/DeviceSourceTabs.vue": {"path":"/Users/lixiaodong/Desktop/workspace/yeehome/src/renderer/components/device/DeviceSourceTabs.vue","statementMap":{"0":{"start":{"line":42,"column":14},"end":{"line":42,"column":null}},"1":{"start":{"line":46,"column":13},"end":{"line":46,"column":null}},"2":{"start":{"line":48,"column":21},"end":{"line":51,"column":null}},"3":{"start":{"line":49,"column":2},"end":{"line":49,"column":null}},"4":{"start":{"line":50,"column":2},"end":{"line":50,"column":null}},"5":{"start":{"line":2,"column":7},"end":{"line":2,"column":null}},"6":{"start":{"line":9,"column":28},"end":{"line":9,"column":38}},"7":{"start":{"line":13,"column":27},"end":{"line":13,"column":37}},"8":{"start":{"line":22,"column":8},"end":{"line":22,"column":17}},"9":{"start":{"line":9,"column":38},"end":{"line":10,"column":25}}},"fnMap":{"0":{"name":"(anonymous_0)","decl":{"start":{"line":48,"column":21},"end":{"line":48,"column":22}},"loc":{"start":{"line":48,"column":46},"end":{"line":51,"column":null}},"line":48},"1":{"name":"(anonymous_1)","decl":{"start":{"line":9,"column":17},"end":{"line":9,"column":28}},"loc":{"start":{"line":9,"column":28},"end":{"line":9,"column":38}},"line":9},"2":{"name":"(anonymous_2)","decl":{"start":{"line":13,"column":17},"end":{"line":13,"column":27}},"loc":{"start":{"line":13,"column":27},"end":{"line":13,"column":37}},"line":13},"3":{"name":"(anonymous_3)","decl":{"start":{"line":20,"column":9},"end":{"line":20,"column":null}},"loc":{"start":{"line":22,"column":8},"end":{"line":22,"column":17}},"line":22},"4":{"name":"(anonymous_4)","decl":{"start":{"line":9,"column":8},"end":{"line":9,"column":17}},"loc":{"start":{"line":9,"column":38},"end":{"line":10,"column":25}},"line":9}},"branchMap":{},"s":{"0":0,"1":0,"2":0,"3":0,"4":0,"5":0,"6":0,"7":0,"8":0,"9":0},"f":{"0":0,"1":0,"2":0,"3":0,"4":0},"b":{},"meta":{"lastBranch":0,"lastFunction":5,"lastStatement":10,"seen":{"s:42:14:42:Infinity":0,"s:46:13:46:Infinity":1,"s:48:21:51:Infinity":2,"f:48:21:48:22":0,"s:49:2:49:Infinity":3,"s:50:2:50:Infinity":4,"s:2:7:2:Infinity":5,"f:9:17:9:28":1,"s:9:28:9:38":6,"f:13:17:13:27":2,"s:13:27:13:37":7,"f:20:9:20:Infinity":3,"s:22:8:22:17":8,"f:9:8:9:17":4,"s:9:38:10:25":9}}}
,"/Users/lixiaodong/Desktop/workspace/yeehome/src/renderer/components/device/controls/BrightnessSlider.vue": {"path":"/Users/lixiaodong/Desktop/workspace/yeehome/src/renderer/components/device/controls/BrightnessSlider.vue","statementMap":{"0":{"start":{"line":35,"column":14},"end":{"line":35,"column":null}},"1":{"start":{"line":39,"column":13},"end":{"line":39,"column":null}},"2":{"start":{"line":42,"column":20},"end":{"line":44,"column":null}},"3":{"start":{"line":43,"column":2},"end":{"line":43,"column":null}},"4":{"start":{"line":47,"column":21},"end":{"line":49,"column":null}},"5":{"start":{"line":48,"column":2},"end":{"line":48,"column":null}},"6":{"start":{"line":2,"column":7},"end":{"line":2,"column":null}},"7":{"start":{"line":8,"column":36},"end":{"line":8,"column":null}}},"fnMap":{"0":{"name":"(anonymous_0)","decl":{"start":{"line":42,"column":20},"end":{"line":42,"column":21}},"loc":{"start":{"line":42,"column":39},"end":{"line":44,"column":null}},"line":42},"1":{"name":"(anonymous_1)","decl":{"start":{"line":47,"column":21},"end":{"line":47,"column":22}},"loc":{"start":{"line":47,"column":40},"end":{"line":49,"column":null}},"line":47}},"branchMap":{},"s":{"0":0,"1":0,"2":0,"3":0,"4":0,"5":0,"6":0,"7":0},"f":{"0":0,"1":0},"b":{},"meta":{"lastBranch":0,"lastFunction":2,"lastStatement":8,"seen":{"s:35:14:35:Infinity":0,"s:39:13:39:Infinity":1,"s:42:20:44:Infinity":2,"f:42:20:42:21":0,"s:43:2:43:Infinity":3,"s:47:21:49:Infinity":4,"f:47:21:47:22":1,"s:48:2:48:Infinity":5,"s:2:7:2:Infinity":6,"s:8:36:8:Infinity":7}}}
,"/Users/lixiaodong/Desktop/workspace/yeehome/src/renderer/components/device/controls/ColorPicker.vue": {"path":"/Users/lixiaodong/Desktop/workspace/yeehome/src/renderer/components/device/controls/ColorPicker.vue","statementMap":{"0":{"start":{"line":36,"column":14},"end":{"line":36,"column":null}},"1":{"start":{"line":40,"column":13},"end":{"line":40,"column":null}},"2":{"start":{"line":43,"column":24},"end":{"line":47,"column":null}},"3":{"start":{"line":50,"column":6},"end":{"line":55,"column":null}},"4":{"start":{"line":51,"column":13},"end":{"line":51,"column":null}},"5":{"start":{"line":52,"column":13},"end":{"line":52,"column":null}},"6":{"start":{"line":53,"column":12},"end":{"line":53,"column":null}},"7":{"start":{"line":54,"column":2},"end":{"line":54,"column":null}},"8":{"start":{"line":58,"column":6},"end":{"line":58,"column":null}},"9":{"start":{"line":58,"column":36},"end":{"line":58,"column":64}},"10":{"start":{"line":61,"column":17},"end":{"line":68,"column":null}},"11":{"start":{"line":62,"column":17},"end":{"line":62,"column":null}},"12":{"start":{"line":63,"column":2},"end":{"line":63,"column":null}},"13":{"start":{"line":63,"column":15},"end":{"line":63,"column":null}},"14":{"start":{"line":64,"column":12},"end":{"line":64,"column":null}},"15":{"start":{"line":65,"column":12},"end":{"line":65,"column":null}},"16":{"start":{"line":66,"column":12},"end":{"line":66,"column":null}},"17":{"start":{"line":67,"column":2},"end":{"line":67,"column":null}},"18":{"start":{"line":70,"column":21},"end":{"line":76,"column":null}},"19":{"start":{"line":71,"column":2},"end":{"line":75,"column":null}},"20":{"start":{"line":72,"column":16},"end":{"line":72,"column":null}},"21":{"start":{"line":73,"column":4},"end":{"line":73,"column":null}},"22":{"start":{"line":74,"column":4},"end":{"line":74,"column":null}},"23":{"start":{"line":2,"column":7},"end":{"line":2,"column":null}},"24":{"start":{"line":8,"column":36},"end":{"line":8,"column":null}},"25":{"start":{"line":17,"column":60},"end":{"line":17,"column":null}}},"fnMap":{"0":{"name":"(anonymous_0)","decl":{"start":{"line":50,"column":26},"end":{"line":50,"column":32}},"loc":{"start":{"line":50,"column":32},"end":{"line":55,"column":1}},"line":50},"1":{"name":"(anonymous_1)","decl":{"start":{"line":58,"column":30},"end":{"line":58,"column":36}},"loc":{"start":{"line":58,"column":36},"end":{"line":58,"column":64}},"line":58},"2":{"name":"(anonymous_2)","decl":{"start":{"line":61,"column":17},"end":{"line":61,"column":18}},"loc":{"start":{"line":61,"column":42},"end":{"line":68,"column":null}},"line":61},"3":{"name":"(anonymous_3)","decl":{"start":{"line":70,"column":21},"end":{"line":70,"column":22}},"loc":{"start":{"line":70,"column":47},"end":{"line":76,"column":null}},"line":70}},"branchMap":{"0":{"loc":{"start":{"line":63,"column":2},"end":{"line":63,"column":null}},"type":"if","locations":[{"start":{"line":63,"column":2},"end":{"line":63,"column":null}},{"start":{},"end":{}}],"line":63},"1":{"loc":{"start":{"line":71,"column":2},"end":{"line":75,"column":null}},"type":"if","locations":[{"start":{"line":71,"column":2},"end":{"line":75,"column":null}},{"start":{},"end":{}}],"line":71}},"s":{"0":0,"1":0,"2":0,"3":0,"4":0,"5":0,"6":0,"7":0,"8":0,"9":0,"10":0,"11":0,"12":0,"13":0,"14":0,"15":0,"16":0,"17":0,"18":0,"19":0,"20":0,"21":0,"22":0,"23":0,"24":0,"25":0},"f":{"0":0,"1":0,"2":0,"3":0},"b":{"0":[0,0],"1":[0,0]},"meta":{"lastBranch":2,"lastFunction":4,"lastStatement":26,"seen":{"s:36:14:36:Infinity":0,"s:40:13:40:Infinity":1,"s:43:24:47:Infinity":2,"s:50:6:55:Infinity":3,"f:50:26:50:32":0,"s:51:13:51:Infinity":4,"s:52:13:52:Infinity":5,"s:53:12:53:Infinity":6,"s:54:2:54:Infinity":7,"s:58:6:58:Infinity":8,"f:58:30:58:36":1,"s:58:36:58:64":9,"s:61:17:68:Infinity":10,"f:61:17:61:18":2,"s:62:17:62:Infinity":11,"b:63:2:63:Infinity:undefined:undefined:undefined:undefined":0,"s:63:2:63:Infinity":12,"s:63:15:63:Infinity":13,"s:64:12:64:Infinity":14,"s:65:12:65:Infinity":15,"s:66:12:66:Infinity":16,"s:67:2:67:Infinity":17,"s:70:21:76:Infinity":18,"f:70:21:70:22":3,"b:71:2:75:Infinity:undefined:undefined:undefined:undefined":1,"s:71:2:75:Infinity":19,"s:72:16:72:Infinity":20,"s:73:4:73:Infinity":21,"s:74:4:74:Infinity":22,"s:2:7:2:Infinity":23,"s:8:36:8:Infinity":24,"s:17:60:17:Infinity":25}}}
,"/Users/lixiaodong/Desktop/workspace/yeehome/src/renderer/components/device/controls/ColorTempSlider.vue": {"path":"/Users/lixiaodong/Desktop/workspace/yeehome/src/renderer/components/device/controls/ColorTempSlider.vue","statementMap":{"0":{"start":{"line":40,"column":14},"end":{"line":40,"column":null}},"1":{"start":{"line":44,"column":13},"end":{"line":44,"column":null}},"2":{"start":{"line":46,"column":20},"end":{"line":48,"column":null}},"3":{"start":{"line":47,"column":2},"end":{"line":47,"column":null}},"4":{"start":{"line":50,"column":21},"end":{"line":52,"column":null}},"5":{"start":{"line":51,"column":2},"end":{"line":51,"column":null}},"6":{"start":{"line":2,"column":7},"end":{"line":2,"column":null}},"7":{"start":{"line":8,"column":36},"end":{"line":8,"column":null}}},"fnMap":{"0":{"name":"(anonymous_0)","decl":{"start":{"line":46,"column":20},"end":{"line":46,"column":21}},"loc":{"start":{"line":46,"column":39},"end":{"line":48,"column":null}},"line":46},"1":{"name":"(anonymous_1)","decl":{"start":{"line":50,"column":21},"end":{"line":50,"column":22}},"loc":{"start":{"line":50,"column":40},"end":{"line":52,"column":null}},"line":50}},"branchMap":{},"s":{"0":0,"1":0,"2":0,"3":0,"4":0,"5":0,"6":0,"7":0},"f":{"0":0,"1":0},"b":{},"meta":{"lastBranch":0,"lastFunction":2,"lastStatement":8,"seen":{"s:40:14:40:Infinity":0,"s:44:13:44:Infinity":1,"s:46:20:48:Infinity":2,"f:46:20:46:21":0,"s:47:2:47:Infinity":3,"s:50:21:52:Infinity":4,"f:50:21:50:22":1,"s:51:2:51:Infinity":5,"s:2:7:2:Infinity":6,"s:8:36:8:Infinity":7}}}
,"/Users/lixiaodong/Desktop/workspace/yeehome/src/renderer/components/device/controls/PowerSwitch.vue": {"path":"/Users/lixiaodong/Desktop/workspace/yeehome/src/renderer/components/device/controls/PowerSwitch.vue","statementMap":{"0":{"start":{"line":27,"column":14},"end":{"line":27,"column":null}},"1":{"start":{"line":32,"column":13},"end":{"line":32,"column":null}},"2":{"start":{"line":34,"column":21},"end":{"line":37,"column":null}},"3":{"start":{"line":35,"column":2},"end":{"line":35,"column":null}},"4":{"start":{"line":36,"column":2},"end":{"line":36,"column":null}}},"fnMap":{"0":{"name":"(anonymous_0)","decl":{"start":{"line":34,"column":21},"end":{"line":34,"column":22}},"loc":{"start":{"line":34,"column":41},"end":{"line":37,"column":null}},"line":34}},"branchMap":{},"s":{"0":0,"1":0,"2":0,"3":0,"4":0},"f":{"0":0},"b":{},"meta":{"lastBranch":0,"lastFunction":1,"lastStatement":5,"seen":{"s:27:14:27:Infinity":0,"s:32:13:32:Infinity":1,"s:34:21:37:Infinity":2,"f:34:21:34:22":0,"s:35:2:35:Infinity":3,"s:36:2:36:Infinity":4}}}
,"/Users/lixiaodong/Desktop/workspace/yeehome/src/renderer/components/layout/AppHeader.vue": {"path":"/Users/lixiaodong/Desktop/workspace/yeehome/src/renderer/components/layout/AppHeader.vue","statementMap":{"0":{"start":{"line":37,"column":6},"end":{"line":37,"column":null}},"1":{"start":{"line":38,"column":6},"end":{"line":38,"column":null}},"2":{"start":{"line":39,"column":6},"end":{"line":39,"column":null}},"3":{"start":{"line":42,"column":6},"end":{"line":44,"column":null}},"4":{"start":{"line":43,"column":3},"end":{"line":43,"column":null}},"5":{"start":{"line":47,"column":6},"end":{"line":47,"column":null}},"6":{"start":{"line":47,"column":30},"end":{"line":47,"column":44}},"7":{"start":{"line":50,"column":21},"end":{"line":52,"column":null}},"8":{"start":{"line":51,"column":2},"end":{"line":51,"column":null}},"9":{"start":{"line":5,"column":13},"end":{"line":5,"column":30}},"10":{"start":{"line":15,"column":18},"end":{"line":15,"column":null}}},"fnMap":{"0":{"name":"(anonymous_0)","decl":{"start":{"line":42,"column":27},"end":{"line":42,"column":null}},"loc":{"start":{"line":43,"column":3},"end":{"line":43,"column":null}},"line":43},"1":{"name":"(anonymous_1)","decl":{"start":{"line":47,"column":24},"end":{"line":47,"column":30}},"loc":{"start":{"line":47,"column":30},"end":{"line":47,"column":44}},"line":47},"2":{"name":"(anonymous_2)","decl":{"start":{"line":50,"column":21},"end":{"line":50,"column":27}},"loc":{"start":{"line":50,"column":27},"end":{"line":52,"column":null}},"line":50},"3":{"name":"(anonymous_3)","decl":{"start":{"line":15,"column":16},"end":{"line":15,"column":18}},"loc":{"start":{"line":15,"column":18},"end":{"line":15,"column":null}},"line":15}},"branchMap":{"0":{"loc":{"start":{"line":43,"column":3},"end":{"line":43,"column":null}},"type":"binary-expr","locations":[{"start":{"line":43,"column":3},"end":{"line":43,"column":34}},{"start":{"line":43,"column":34},"end":{"line":43,"column":null}}],"line":43},"1":{"loc":{"start":{"line":11,"column":28},"end":{"line":11,"column":60}},"type":"cond-expr","locations":[{"start":{"line":11,"column":34},"end":{"line":11,"column":60}},{"start":{"line":11,"column":34},"end":{"line":11,"column":60}}],"line":11},"2":{"loc":{"start":{"line":13,"column":17},"end":{"line":13,"column":null}},"type":"cond-expr","locations":[{"start":{"line":13,"column":26},"end":{"line":13,"column":34}},{"start":{"line":13,"column":34},"end":{"line":13,"column":null}}],"line":13}},"s":{"0":0,"1":0,"2":0,"3":0,"4":0,"5":0,"6":0,"7":0,"8":0,"9":0,"10":0},"f":{"0":0,"1":0,"2":0,"3":0},"b":{"0":[0,0],"1":[0,0],"2":[0,0]},"meta":{"lastBranch":3,"lastFunction":4,"lastStatement":11,"seen":{"s:37:6:37:Infinity":0,"s:38:6:38:Infinity":1,"s:39:6:39:Infinity":2,"s:42:6:44:Infinity":3,"f:42:27:42:Infinity":0,"s:43:3:43:Infinity":4,"b:43:3:43:34:43:34:43:Infinity":0,"s:47:6:47:Infinity":5,"f:47:24:47:30":1,"s:47:30:47:44":6,"s:50:21:52:Infinity":7,"f:50:21:50:27":2,"s:51:2:51:Infinity":8,"s:5:13:5:30":9,"b:11:34:11:60:11:34:11:60":1,"b:13:26:13:34:13:34:13:Infinity":2,"f:15:16:15:18":3,"s:15:18:15:Infinity":10}}}
,"/Users/lixiaodong/Desktop/workspace/yeehome/src/renderer/components/layout/AppLayout.vue": {"path":"/Users/lixiaodong/Desktop/workspace/yeehome/src/renderer/components/layout/AppLayout.vue","statementMap":{"0":{"start":{"line":25,"column":6},"end":{"line":25,"column":null}},"1":{"start":{"line":28,"column":0},"end":{"line":30,"column":null}},"2":{"start":{"line":29,"column":2},"end":{"line":29,"column":null}},"3":{"start":{"line":13,"column":16},"end":{"line":13,"column":null}}},"fnMap":{"0":{"name":"(anonymous_0)","decl":{"start":{"line":28,"column":10},"end":{"line":28,"column":16}},"loc":{"start":{"line":28,"column":16},"end":{"line":30,"column":1}},"line":28},"1":{"name":"(anonymous_1)","decl":{"start":{"line":13,"column":8},"end":{"line":13,"column":16}},"loc":{"start":{"line":13,"column":16},"end":{"line":13,"column":null}},"line":13}},"branchMap":{},"s":{"0":0,"1":0,"2":0,"3":0},"f":{"0":0,"1":0},"b":{},"meta":{"lastBranch":0,"lastFunction":2,"lastStatement":4,"seen":{"s:25:6:25:Infinity":0,"s:28:0:30:Infinity":1,"f:28:10:28:16":0,"s:29:2:29:Infinity":2,"f:13:8:13:16":1,"s:13:16:13:Infinity":3}}}
,"/Users/lixiaodong/Desktop/workspace/yeehome/src/renderer/components/layout/AppSidebar.vue": {"path":"/Users/lixiaodong/Desktop/workspace/yeehome/src/renderer/components/layout/AppSidebar.vue","statementMap":{"0":{"start":{"line":58,"column":6},"end":{"line":58,"column":null}},"1":{"start":{"line":59,"column":6},"end":{"line":59,"column":null}},"2":{"start":{"line":62,"column":6},"end":{"line":64,"column":null}},"3":{"start":{"line":63,"column":2},"end":{"line":63,"column":null}},"4":{"start":{"line":67,"column":6},"end":{"line":67,"column":null}},"5":{"start":{"line":67,"column":34},"end":{"line":67,"column":44}},"6":{"start":{"line":70,"column":6},"end":{"line":72,"column":null}},"7":{"start":{"line":71,"column":2},"end":{"line":71,"column":null}},"8":{"start":{"line":71,"column":36},"end":{"line":71,"column":78}},"9":{"start":{"line":35,"column":13},"end":{"line":35,"column":32}},"10":{"start":{"line":32,"column":26},"end":{"line":32,"column":45}},"11":{"start":{"line":32,"column":45},"end":{"line":32,"column":45}},"12":{"start":{"line":35,"column":32},"end":{"line":35,"column":32}},"13":{"start":{"line":45,"column":16},"end":{"line":45,"column":null}},"14":{"start":{"line":11,"column":13},"end":{"line":14,"column":13}}},"fnMap":{"0":{"name":"(anonymous_0)","decl":{"start":{"line":62,"column":30},"end":{"line":62,"column":null}},"loc":{"start":{"line":63,"column":2},"end":{"line":63,"column":null}},"line":63},"1":{"name":"(anonymous_1)","decl":{"start":{"line":67,"column":28},"end":{"line":67,"column":34}},"loc":{"start":{"line":67,"column":34},"end":{"line":67,"column":44}},"line":67},"2":{"name":"(anonymous_2)","decl":{"start":{"line":70,"column":28},"end":{"line":70,"column":null}},"loc":{"start":{"line":71,"column":2},"end":{"line":71,"column":null}},"line":71},"3":{"name":"(anonymous_3)","decl":{"start":{"line":71,"column":31},"end":{"line":71,"column":36}},"loc":{"start":{"line":71,"column":36},"end":{"line":71,"column":78}},"line":71},"4":{"name":"(anonymous_4)","decl":{"start":{"line":32,"column":10},"end":{"line":32,"column":26}},"loc":{"start":{"line":32,"column":45},"end":{"line":32,"column":45}},"line":32},"5":{"name":"(anonymous_5)","decl":{"start":{"line":35,"column":10},"end":{"line":35,"column":13}},"loc":{"start":{"line":35,"column":32},"end":{"line":35,"column":32}},"line":35},"6":{"name":"(anonymous_6)","decl":{"start":{"line":45,"column":14},"end":{"line":45,"column":16}},"loc":{"start":{"line":45,"column":16},"end":{"line":45,"column":null}},"line":45},"7":{"name":"(anonymous_7)","decl":{"start":{"line":9,"column":8},"end":{"line":9,"column":19}},"loc":{"start":{"line":11,"column":13},"end":{"line":14,"column":13}},"line":11}},"branchMap":{"0":{"loc":{"start":{"line":63,"column":2},"end":{"line":63,"column":null}},"type":"cond-expr","locations":[{"start":{"line":63,"column":29},"end":{"line":63,"column":38}},{"start":{"line":63,"column":38},"end":{"line":63,"column":null}}],"line":63},"1":{"loc":{"start":{"line":71,"column":36},"end":{"line":71,"column":78}},"type":"binary-expr","locations":[{"start":{"line":71,"column":36},"end":{"line":71,"column":46}},{"start":{"line":71,"column":46},"end":{"line":71,"column":64}},{"start":{"line":71,"column":64},"end":{"line":71,"column":78}}],"line":71},"2":{"loc":{"start":{"line":43,"column":15},"end":{"line":43,"column":null}},"type":"cond-expr","locations":[{"start":{"line":43,"column":42},"end":{"line":43,"column":51}},{"start":{"line":43,"column":51},"end":{"line":43,"column":null}}],"line":43},"3":{"loc":{"start":{"line":11,"column":13},"end":{"line":14,"column":13}},"type":"cond-expr","locations":[{"start":{"line":9,"column":27},"end":{"line":11,"column":13}},{"start":{"line":11,"column":8},"end":{"line":14,"column":13}}],"line":11}},"s":{"0":0,"1":0,"2":0,"3":0,"4":0,"5":0,"6":0,"7":0,"8":0,"9":0,"10":0,"11":0,"12":0,"13":0,"14":0},"f":{"0":0,"1":0,"2":0,"3":0,"4":0,"5":0,"6":0,"7":0},"b":{"0":[0,0],"1":[0,0,0],"2":[0,0],"3":[0,0]},"meta":{"lastBranch":4,"lastFunction":8,"lastStatement":15,"seen":{"s:58:6:58:Infinity":0,"s:59:6:59:Infinity":1,"s:62:6:64:Infinity":2,"f:62:30:62:Infinity":0,"s:63:2:63:Infinity":3,"b:63:29:63:38:63:38:63:Infinity":0,"s:67:6:67:Infinity":4,"f:67:28:67:34":1,"s:67:34:67:44":5,"s:70:6:72:Infinity":6,"f:70:28:70:Infinity":2,"s:71:2:71:Infinity":7,"f:71:31:71:36":3,"s:71:36:71:78":8,"b:71:36:71:46:71:46:71:64:71:64:71:78":1,"s:35:13:35:32":9,"s:32:26:32:45":10,"f:32:10:32:26":4,"s:32:45:32:45":11,"f:35:10:35:13":5,"s:35:32:35:32":12,"b:43:42:43:51:43:51:43:Infinity":2,"f:45:14:45:16":6,"s:45:16:45:Infinity":13,"f:9:8:9:19":7,"s:11:13:14:13":14,"b:9:27:11:13:11:8:14:13":3}}}
,"/Users/lixiaodong/Desktop/workspace/yeehome/src/renderer/router/index.ts": {"path":"/Users/lixiaodong/Desktop/workspace/yeehome/src/renderer/router/index.ts","statementMap":{"0":{"start":{"line":3,"column":33},"end":{"line":71,"column":null}},"1":{"start":{"line":11,"column":21},"end":{"line":11,"column":null}},"2":{"start":{"line":20,"column":21},"end":{"line":20,"column":null}},"3":{"start":{"line":29,"column":21},"end":{"line":29,"column":null}},"4":{"start":{"line":38,"column":21},"end":{"line":38,"column":null}},"5":{"start":{"line":47,"column":21},"end":{"line":47,"column":null}},"6":{"start":{"line":56,"column":21},"end":{"line":56,"column":null}},"7":{"start":{"line":65,"column":21},"end":{"line":65,"column":null}},"8":{"start":{"line":73,"column":6},"end":{"line":76,"column":null}},"9":{"start":{"line":79,"column":0},"end":{"line":85,"column":null}},"10":{"start":{"line":81,"column":2},"end":{"line":83,"column":null}},"11":{"start":{"line":82,"column":4},"end":{"line":82,"column":null}},"12":{"start":{"line":84,"column":2},"end":{"line":84,"column":null}}},"fnMap":{"0":{"name":"(anonymous_0)","decl":{"start":{"line":11,"column":15},"end":{"line":11,"column":21}},"loc":{"start":{"line":11,"column":21},"end":{"line":11,"column":null}},"line":11},"1":{"name":"(anonymous_1)","decl":{"start":{"line":20,"column":15},"end":{"line":20,"column":21}},"loc":{"start":{"line":20,"column":21},"end":{"line":20,"column":null}},"line":20},"2":{"name":"(anonymous_2)","decl":{"start":{"line":29,"column":15},"end":{"line":29,"column":21}},"loc":{"start":{"line":29,"column":21},"end":{"line":29,"column":null}},"line":29},"3":{"name":"(anonymous_3)","decl":{"start":{"line":38,"column":15},"end":{"line":38,"column":21}},"loc":{"start":{"line":38,"column":21},"end":{"line":38,"column":null}},"line":38},"4":{"name":"(anonymous_4)","decl":{"start":{"line":47,"column":15},"end":{"line":47,"column":21}},"loc":{"start":{"line":47,"column":21},"end":{"line":47,"column":null}},"line":47},"5":{"name":"(anonymous_5)","decl":{"start":{"line":56,"column":15},"end":{"line":56,"column":21}},"loc":{"start":{"line":56,"column":21},"end":{"line":56,"column":null}},"line":56},"6":{"name":"(anonymous_6)","decl":{"start":{"line":65,"column":15},"end":{"line":65,"column":21}},"loc":{"start":{"line":65,"column":21},"end":{"line":65,"column":null}},"line":65},"7":{"name":"(anonymous_7)","decl":{"start":{"line":79,"column":18},"end":{"line":79,"column":19}},"loc":{"start":{"line":79,"column":38},"end":{"line":85,"column":1}},"line":79}},"branchMap":{"0":{"loc":{"start":{"line":81,"column":2},"end":{"line":83,"column":null}},"type":"if","locations":[{"start":{"line":81,"column":2},"end":{"line":83,"column":null}},{"start":{},"end":{}}],"line":81}},"s":{"0":0,"1":0,"2":0,"3":0,"4":0,"5":0,"6":0,"7":0,"8":0,"9":0,"10":0,"11":0,"12":0},"f":{"0":0,"1":0,"2":0,"3":0,"4":0,"5":0,"6":0,"7":0},"b":{"0":[0,0]},"meta":{"lastBranch":1,"lastFunction":8,"lastStatement":13,"seen":{"s:3:33:71:Infinity":0,"f:11:15:11:21":0,"s:11:21:11:Infinity":1,"f:20:15:20:21":1,"s:20:21:20:Infinity":2,"f:29:15:29:21":2,"s:29:21:29:Infinity":3,"f:38:15:38:21":3,"s:38:21:38:Infinity":4,"f:47:15:47:21":4,"s:47:21:47:Infinity":5,"f:56:15:56:21":5,"s:56:21:56:Infinity":6,"f:65:15:65:21":6,"s:65:21:65:Infinity":7,"s:73:6:76:Infinity":8,"s:79:0:85:Infinity":9,"f:79:18:79:19":7,"b:81:2:83:Infinity:undefined:undefined:undefined:undefined":0,"s:81:2:83:Infinity":10,"s:82:4:82:Infinity":11,"s:84:2:84:Infinity":12}}}
,"/Users/lixiaodong/Desktop/workspace/yeehome/src/renderer/services/ipc.service.ts": {"path":"/Users/lixiaodong/Desktop/workspace/yeehome/src/renderer/services/ipc.service.ts","statementMap":{"0":{"start":{"line":46,"column":4},"end":{"line":46,"column":null}},"1":{"start":{"line":47,"column":4},"end":{"line":47,"column":null}},"2":{"start":{"line":48,"column":4},"end":{"line":48,"column":null}},"3":{"start":{"line":49,"column":4},"end":{"line":49,"column":null}},"4":{"start":{"line":50,"column":4},"end":{"line":50,"column":null}},"5":{"start":{"line":51,"column":4},"end":{"line":51,"column":null}},"6":{"start":{"line":86,"column":55},"end":{"line":105,"column":null}},"7":{"start":{"line":108,"column":2},"end":{"line":108,"column":null}},"8":{"start":{"line":109,"column":2},"end":{"line":109,"column":null}},"9":{"start":{"line":110,"column":2},"end":{"line":110,"column":null}},"10":{"start":{"line":113,"column":4},"end":{"line":115,"column":null}},"11":{"start":{"line":114,"column":6},"end":{"line":114,"column":null}},"12":{"start":{"line":123,"column":37},"end":{"line":123,"column":null}},"13":{"start":{"line":125,"column":4},"end":{"line":127,"column":null}},"14":{"start":{"line":126,"column":6},"end":{"line":126,"column":null}},"15":{"start":{"line":129,"column":4},"end":{"line":129,"column":null}},"16":{"start":{"line":134,"column":4},"end":{"line":145,"column":null}},"17":{"start":{"line":135,"column":23},"end":{"line":141,"column":null}},"18":{"start":{"line":136,"column":8},"end":{"line":136,"column":null}},"19":{"start":{"line":137,"column":25},"end":{"line":137,"column":null}},"20":{"start":{"line":138,"column":8},"end":{"line":140,"column":null}},"21":{"start":{"line":139,"column":11},"end":{"line":139,"column":null}},"22":{"start":{"line":143,"column":6},"end":{"line":143,"column":null}},"23":{"start":{"line":144,"column":6},"end":{"line":144,"column":null}},"24":{"start":{"line":150,"column":4},"end":{"line":152,"column":null}},"25":{"start":{"line":151,"column":6},"end":{"line":151,"column":null}},"26":{"start":{"line":153,"column":4},"end":{"line":153,"column":null}},"27":{"start":{"line":158,"column":4},"end":{"line":158,"column":null}},"28":{"start":{"line":163,"column":4},"end":{"line":163,"column":null}},"29":{"start":{"line":168,"column":4},"end":{"line":168,"column":null}},"30":{"start":{"line":169,"column":4},"end":{"line":169,"column":null}},"31":{"start":{"line":175,"column":4},"end":{"line":175,"column":null}},"32":{"start":{"line":179,"column":4},"end":{"line":179,"column":null}},"33":{"start":{"line":183,"column":4},"end":{"line":183,"column":null}},"34":{"start":{"line":187,"column":4},"end":{"line":187,"column":null}},"35":{"start":{"line":191,"column":4},"end":{"line":191,"column":null}},"36":{"start":{"line":195,"column":4},"end":{"line":195,"column":null}},"37":{"start":{"line":199,"column":4},"end":{"line":199,"column":null}},"38":{"start":{"line":203,"column":4},"end":{"line":203,"column":null}},"39":{"start":{"line":207,"column":4},"end":{"line":207,"column":null}},"40":{"start":{"line":213,"column":4},"end":{"line":213,"column":null}},"41":{"start":{"line":217,"column":4},"end":{"line":217,"column":null}},"42":{"start":{"line":221,"column":4},"end":{"line":221,"column":null}},"43":{"start":{"line":225,"column":4},"end":{"line":225,"column":null}},"44":{"start":{"line":229,"column":4},"end":{"line":229,"column":null}},"45":{"start":{"line":235,"column":4},"end":{"line":235,"column":null}},"46":{"start":{"line":239,"column":4},"end":{"line":239,"column":null}},"47":{"start":{"line":243,"column":4},"end":{"line":243,"column":null}},"48":{"start":{"line":247,"column":4},"end":{"line":247,"column":null}},"49":{"start":{"line":251,"column":4},"end":{"line":251,"column":null}},"50":{"start":{"line":255,"column":4},"end":{"line":255,"column":null}},"51":{"start":{"line":259,"column":4},"end":{"line":259,"column":null}},"52":{"start":{"line":265,"column":4},"end":{"line":265,"column":null}},"53":{"start":{"line":269,"column":4},"end":{"line":269,"column":null}},"54":{"start":{"line":273,"column":4},"end":{"line":273,"column":null}},"55":{"start":{"line":279,"column":4},"end":{"line":279,"column":null}},"56":{"start":{"line":283,"column":4},"end":{"line":283,"column":null}},"57":{"start":{"line":287,"column":4},"end":{"line":287,"column":null}},"58":{"start":{"line":291,"column":4},"end":{"line":291,"column":null}},"59":{"start":{"line":297,"column":4},"end":{"line":297,"column":null}},"60":{"start":{"line":301,"column":4},"end":{"line":301,"column":null}},"61":{"start":{"line":305,"column":4},"end":{"line":305,"column":null}},"62":{"start":{"line":309,"column":4},"end":{"line":309,"column":null}},"63":{"start":{"line":315,"column":4},"end":{"line":315,"column":null}},"64":{"start":{"line":319,"column":4},"end":{"line":319,"column":null}},"65":{"start":{"line":323,"column":4},"end":{"line":323,"column":null}},"66":{"start":{"line":327,"column":4},"end":{"line":327,"column":null}},"67":{"start":{"line":331,"column":4},"end":{"line":331,"column":null}},"68":{"start":{"line":337,"column":4},"end":{"line":337,"column":null}},"69":{"start":{"line":341,"column":4},"end":{"line":341,"column":null}},"70":{"start":{"line":347,"column":4},"end":{"line":347,"column":null}},"71":{"start":{"line":351,"column":4},"end":{"line":351,"column":null}},"72":{"start":{"line":356,"column":19},"end":{"line":356,"column":null}}},"fnMap":{"0":{"name":"(anonymous_0)","decl":{"start":{"line":45,"column":2},"end":{"line":45,"column":14}},"loc":{"start":{"line":45,"column":43},"end":{"line":52,"column":null}},"line":45},"1":{"name":"(anonymous_1)","decl":{"start":{"line":112,"column":2},"end":{"line":112,"column":16}},"loc":{"start":{"line":112,"column":16},"end":{"line":116,"column":null}},"line":112},"2":{"name":"(anonymous_2)","decl":{"start":{"line":122,"column":16},"end":{"line":122,"column":27}},"loc":{"start":{"line":122,"column":72},"end":{"line":130,"column":null}},"line":122},"3":{"name":"(anonymous_3)","decl":{"start":{"line":133,"column":10},"end":{"line":133,"column":47}},"loc":{"start":{"line":133,"column":47},"end":{"line":146,"column":null}},"line":133},"4":{"name":"(anonymous_4)","decl":{"start":{"line":134,"column":37},"end":{"line":134,"column":38}},"loc":{"start":{"line":134,"column":66},"end":{"line":145,"column":5}},"line":134},"5":{"name":"(anonymous_5)","decl":{"start":{"line":135,"column":23},"end":{"line":135,"column":27}},"loc":{"start":{"line":135,"column":49},"end":{"line":141,"column":null}},"line":135},"6":{"name":"(anonymous_6)","decl":{"start":{"line":149,"column":10},"end":{"line":149,"column":45}},"loc":{"start":{"line":149,"column":45},"end":{"line":154,"column":null}},"line":149},"7":{"name":"(anonymous_7)","decl":{"start":{"line":150,"column":32},"end":{"line":150,"column":33}},"loc":{"start":{"line":150,"column":55},"end":{"line":152,"column":5}},"line":150},"8":{"name":"(anonymous_8)","decl":{"start":{"line":157,"column":2},"end":{"line":157,"column":37}},"loc":{"start":{"line":157,"column":82},"end":{"line":159,"column":null}},"line":157},"9":{"name":"(anonymous_9)","decl":{"start":{"line":162,"column":2},"end":{"line":162,"column":6}},"loc":{"start":{"line":162,"column":41},"end":{"line":164,"column":null}},"line":162},"10":{"name":"(anonymous_10)","decl":{"start":{"line":167,"column":2},"end":{"line":167,"column":18}},"loc":{"start":{"line":167,"column":18},"end":{"line":170,"column":null}},"line":167},"11":{"name":"(anonymous_11)","decl":{"start":{"line":174,"column":8},"end":{"line":174,"column":41}},"loc":{"start":{"line":174,"column":41},"end":{"line":176,"column":null}},"line":174},"12":{"name":"(anonymous_12)","decl":{"start":{"line":178,"column":8},"end":{"line":178,"column":40}},"loc":{"start":{"line":178,"column":40},"end":{"line":180,"column":null}},"line":178},"13":{"name":"(anonymous_13)","decl":{"start":{"line":182,"column":8},"end":{"line":182,"column":20}},"loc":{"start":{"line":182,"column":72},"end":{"line":184,"column":null}},"line":182},"14":{"name":"(anonymous_14)","decl":{"start":{"line":186,"column":8},"end":{"line":186,"column":22}},"loc":{"start":{"line":186,"column":78},"end":{"line":188,"column":null}},"line":186},"15":{"name":"(anonymous_15)","decl":{"start":{"line":190,"column":8},"end":{"line":190,"column":28}},"loc":{"start":{"line":190,"column":76},"end":{"line":192,"column":null}},"line":190},"16":{"name":"(anonymous_16)","decl":{"start":{"line":194,"column":8},"end":{"line":194,"column":17}},"loc":{"start":{"line":194,"column":66},"end":{"line":196,"column":null}},"line":194},"17":{"name":"(anonymous_17)","decl":{"start":{"line":198,"column":8},"end":{"line":198,"column":21}},"loc":{"start":{"line":198,"column":57},"end":{"line":200,"column":null}},"line":198},"18":{"name":"(anonymous_18)","decl":{"start":{"line":202,"column":8},"end":{"line":202,"column":17}},"loc":{"start":{"line":202,"column":87},"end":{"line":204,"column":null}},"line":202},"19":{"name":"(anonymous_19)","decl":{"start":{"line":206,"column":8},"end":{"line":206,"column":19}},"loc":{"start":{"line":206,"column":55},"end":{"line":208,"column":null}},"line":206},"20":{"name":"(anonymous_20)","decl":{"start":{"line":212,"column":8},"end":{"line":212,"column":28}},"loc":{"start":{"line":212,"column":61},"end":{"line":214,"column":null}},"line":212},"21":{"name":"(anonymous_21)","decl":{"start":{"line":216,"column":8},"end":{"line":216,"column":23}},"loc":{"start":{"line":216,"column":95},"end":{"line":218,"column":null}},"line":216},"22":{"name":"(anonymous_22)","decl":{"start":{"line":220,"column":8},"end":{"line":220,"column":44}},"loc":{"start":{"line":220,"column":44},"end":{"line":222,"column":null}},"line":220},"23":{"name":"(anonymous_23)","decl":{"start":{"line":224,"column":8},"end":{"line":224,"column":81}},"loc":{"start":{"line":224,"column":81},"end":{"line":226,"column":null}},"line":224},"24":{"name":"(anonymous_24)","decl":{"start":{"line":228,"column":8},"end":{"line":228,"column":32}},"loc":{"start":{"line":228,"column":32},"end":{"line":230,"column":null}},"line":228},"25":{"name":"(anonymous_25)","decl":{"start":{"line":234,"column":8},"end":{"line":234,"column":46}},"loc":{"start":{"line":234,"column":46},"end":{"line":236,"column":null}},"line":234},"26":{"name":"(anonymous_26)","decl":{"start":{"line":238,"column":8},"end":{"line":238,"column":45}},"loc":{"start":{"line":238,"column":45},"end":{"line":240,"column":null}},"line":238},"27":{"name":"(anonymous_27)","decl":{"start":{"line":242,"column":8},"end":{"line":242,"column":23}},"loc":{"start":{"line":242,"column":65},"end":{"line":244,"column":null}},"line":242},"28":{"name":"(anonymous_28)","decl":{"start":{"line":246,"column":8},"end":{"line":246,"column":25}},"loc":{"start":{"line":246,"column":77},"end":{"line":248,"column":null}},"line":246},"29":{"name":"(anonymous_29)","decl":{"start":{"line":250,"column":8},"end":{"line":250,"column":27}},"loc":{"start":{"line":250,"column":83},"end":{"line":252,"column":null}},"line":250},"30":{"name":"(anonymous_30)","decl":{"start":{"line":254,"column":8},"end":{"line":254,"column":33}},"loc":{"start":{"line":254,"column":81},"end":{"line":256,"column":null}},"line":254},"31":{"name":"(anonymous_31)","decl":{"start":{"line":258,"column":8},"end":{"line":258,"column":22}},"loc":{"start":{"line":258,"column":71},"end":{"line":260,"column":null}},"line":258},"32":{"name":"(anonymous_32)","decl":{"start":{"line":264,"column":8},"end":{"line":264,"column":42}},"loc":{"start":{"line":264,"column":42},"end":{"line":266,"column":null}},"line":264},"33":{"name":"(anonymous_33)","decl":{"start":{"line":268,"column":8},"end":{"line":268,"column":41}},"loc":{"start":{"line":268,"column":41},"end":{"line":270,"column":null}},"line":268},"34":{"name":"(anonymous_34)","decl":{"start":{"line":272,"column":8},"end":{"line":272,"column":21}},"loc":{"start":{"line":272,"column":59},"end":{"line":274,"column":null}},"line":272},"35":{"name":"(anonymous_35)","decl":{"start":{"line":278,"column":8},"end":{"line":278,"column":44}},"loc":{"start":{"line":278,"column":44},"end":{"line":280,"column":null}},"line":278},"36":{"name":"(anonymous_36)","decl":{"start":{"line":282,"column":8},"end":{"line":282,"column":43}},"loc":{"start":{"line":282,"column":43},"end":{"line":284,"column":null}},"line":282},"37":{"name":"(anonymous_37)","decl":{"start":{"line":286,"column":8},"end":{"line":286,"column":22}},"loc":{"start":{"line":286,"column":62},"end":{"line":288,"column":null}},"line":286},"38":{"name":"(anonymous_38)","decl":{"start":{"line":290,"column":8},"end":{"line":290,"column":30}},"loc":{"start":{"line":290,"column":81},"end":{"line":292,"column":null}},"line":290},"39":{"name":"(anonymous_39)","decl":{"start":{"line":296,"column":8},"end":{"line":296,"column":44}},"loc":{"start":{"line":296,"column":44},"end":{"line":298,"column":null}},"line":296},"40":{"name":"(anonymous_40)","decl":{"start":{"line":300,"column":8},"end":{"line":300,"column":43}},"loc":{"start":{"line":300,"column":43},"end":{"line":302,"column":null}},"line":300},"41":{"name":"(anonymous_41)","decl":{"start":{"line":304,"column":8},"end":{"line":304,"column":22}},"loc":{"start":{"line":304,"column":62},"end":{"line":306,"column":null}},"line":304},"42":{"name":"(anonymous_42)","decl":{"start":{"line":308,"column":8},"end":{"line":308,"column":26}},"loc":{"start":{"line":308,"column":61},"end":{"line":310,"column":null}},"line":308},"43":{"name":"(anonymous_43)","decl":{"start":{"line":314,"column":8},"end":{"line":314,"column":54}},"loc":{"start":{"line":314,"column":54},"end":{"line":316,"column":null}},"line":314},"44":{"name":"(anonymous_44)","decl":{"start":{"line":318,"column":8},"end":{"line":318,"column":53}},"loc":{"start":{"line":318,"column":53},"end":{"line":320,"column":null}},"line":318},"45":{"name":"(anonymous_45)","decl":{"start":{"line":322,"column":8},"end":{"line":322,"column":27}},"loc":{"start":{"line":322,"column":77},"end":{"line":324,"column":null}},"line":322},"46":{"name":"(anonymous_46)","decl":{"start":{"line":326,"column":8},"end":{"line":326,"column":30}},"loc":{"start":{"line":326,"column":70},"end":{"line":328,"column":null}},"line":326},"47":{"name":"(anonymous_47)","decl":{"start":{"line":330,"column":8},"end":{"line":330,"column":31}},"loc":{"start":{"line":330,"column":71},"end":{"line":332,"column":null}},"line":330},"48":{"name":"(anonymous_48)","decl":{"start":{"line":336,"column":8},"end":{"line":336,"column":21}},"loc":{"start":{"line":336,"column":58},"end":{"line":338,"column":null}},"line":336},"49":{"name":"(anonymous_49)","decl":{"start":{"line":340,"column":8},"end":{"line":340,"column":77}},"loc":{"start":{"line":340,"column":77},"end":{"line":342,"column":null}},"line":340},"50":{"name":"(anonymous_50)","decl":{"start":{"line":346,"column":8},"end":{"line":346,"column":21}},"loc":{"start":{"line":346,"column":49},"end":{"line":348,"column":null}},"line":346},"51":{"name":"(anonymous_51)","decl":{"start":{"line":350,"column":8},"end":{"line":350,"column":41}},"loc":{"start":{"line":350,"column":41},"end":{"line":352,"column":null}},"line":350}},"branchMap":{"0":{"loc":{"start":{"line":46,"column":10},"end":{"line":46,"column":34}},"type":"binary-expr","locations":[{"start":{"line":46,"column":10},"end":{"line":46,"column":28}},{"start":{"line":46,"column":28},"end":{"line":46,"column":34}}],"line":46},"1":{"loc":{"start":{"line":47,"column":16},"end":{"line":47,"column":null}},"type":"binary-expr","locations":[{"start":{"line":47,"column":16},"end":{"line":47,"column":31}},{"start":{"line":47,"column":31},"end":{"line":47,"column":null}}],"line":47},"2":{"loc":{"start":{"line":48,"column":16},"end":{"line":48,"column":null}},"type":"binary-expr","locations":[{"start":{"line":48,"column":16},"end":{"line":48,"column":31}},{"start":{"line":48,"column":31},"end":{"line":48,"column":null}}],"line":48},"3":{"loc":{"start":{"line":49,"column":22},"end":{"line":49,"column":null}},"type":"binary-expr","locations":[{"start":{"line":49,"column":22},"end":{"line":49,"column":43}},{"start":{"line":49,"column":43},"end":{"line":49,"column":null}}],"line":49},"4":{"loc":{"start":{"line":50,"column":21},"end":{"line":50,"column":null}},"type":"binary-expr","locations":[{"start":{"line":50,"column":21},"end":{"line":50,"column":41}},{"start":{"line":50,"column":28},"end":{"line":50,"column":null}}],"line":50},"5":{"loc":{"start":{"line":51,"column":19},"end":{"line":51,"column":null}},"type":"binary-expr","locations":[{"start":{"line":51,"column":19},"end":{"line":51,"column":37}},{"start":{"line":51,"column":37},"end":{"line":51,"column":null}}],"line":51},"6":{"loc":{"start":{"line":113,"column":4},"end":{"line":115,"column":null}},"type":"if","locations":[{"start":{"line":113,"column":4},"end":{"line":115,"column":null}},{"start":{},"end":{}}],"line":113},"7":{"loc":{"start":{"line":125,"column":4},"end":{"line":127,"column":null}},"type":"if","locations":[{"start":{"line":125,"column":4},"end":{"line":127,"column":null}},{"start":{},"end":{}}],"line":125},"8":{"loc":{"start":{"line":138,"column":8},"end":{"line":140,"column":null}},"type":"if","locations":[{"start":{"line":138,"column":8},"end":{"line":140,"column":null}},{"start":{},"end":{}}],"line":138}},"s":{"0":0,"1":0,"2":0,"3":0,"4":0,"5":0,"6":0,"7":0,"8":0,"9":0,"10":0,"11":0,"12":0,"13":0,"14":0,"15":0,"16":0,"17":0,"18":0,"19":0,"20":0,"21":0,"22":0,"23":0,"24":0,"25":0,"26":0,"27":0,"28":0,"29":0,"30":0,"31":0,"32":0,"33":0,"34":0,"35":0,"36":0,"37":0,"38":0,"39":0,"40":0,"41":0,"42":0,"43":0,"44":0,"45":0,"46":0,"47":0,"48":0,"49":0,"50":0,"51":0,"52":0,"53":0,"54":0,"55":0,"56":0,"57":0,"58":0,"59":0,"60":0,"61":0,"62":0,"63":0,"64":0,"65":0,"66":0,"67":0,"68":0,"69":0,"70":0,"71":0,"72":0},"f":{"0":0,"1":0,"2":0,"3":0,"4":0,"5":0,"6":0,"7":0,"8":0,"9":0,"10":0,"11":0,"12":0,"13":0,"14":0,"15":0,"16":0,"17":0,"18":0,"19":0,"20":0,"21":0,"22":0,"23":0,"24":0,"25":0,"26":0,"27":0,"28":0,"29":0,"30":0,"31":0,"32":0,"33":0,"34":0,"35":0,"36":0,"37":0,"38":0,"39":0,"40":0,"41":0,"42":0,"43":0,"44":0,"45":0,"46":0,"47":0,"48":0,"49":0,"50":0,"51":0},"b":{"0":[0,0],"1":[0,0],"2":[0,0],"3":[0,0],"4":[0,0],"5":[0,0],"6":[0,0],"7":[0,0],"8":[0,0]},"meta":{"lastBranch":9,"lastFunction":52,"lastStatement":73,"seen":{"f:45:2:45:14":0,"s:46:4:46:Infinity":0,"b:46:10:46:28:46:28:46:34":0,"s:47:4:47:Infinity":1,"b:47:16:47:31:47:31:47:Infinity":1,"s:48:4:48:Infinity":2,"b:48:16:48:31:48:31:48:Infinity":2,"s:49:4:49:Infinity":3,"b:49:22:49:43:49:43:49:Infinity":3,"s:50:4:50:Infinity":4,"b:50:21:50:41:50:28:50:Infinity":4,"s:51:4:51:Infinity":5,"b:51:19:51:37:51:37:51:Infinity":5,"s:86:55:105:Infinity":6,"f:112:2:112:16":1,"s:108:2:108:Infinity":7,"s:109:2:109:Infinity":8,"s:110:2:110:Infinity":9,"b:113:4:115:Infinity:undefined:undefined:undefined:undefined":6,"s:113:4:115:Infinity":10,"s:114:6:114:Infinity":11,"f:122:16:122:27":2,"s:123:37:123:Infinity":12,"b:125:4:127:Infinity:undefined:undefined:undefined:undefined":7,"s:125:4:127:Infinity":13,"s:126:6:126:Infinity":14,"s:129:4:129:Infinity":15,"f:133:10:133:47":3,"s:134:4:145:Infinity":16,"f:134:37:134:38":4,"s:135:23:141:Infinity":17,"f:135:23:135:27":5,"s:136:8:136:Infinity":18,"s:137:25:137:Infinity":19,"b:138:8:140:Infinity:undefined:undefined:undefined:undefined":8,"s:138:8:140:Infinity":20,"s:139:11:139:Infinity":21,"s:143:6:143:Infinity":22,"s:144:6:144:Infinity":23,"f:149:10:149:45":6,"s:150:4:152:Infinity":24,"f:150:32:150:33":7,"s:151:6:151:Infinity":25,"s:153:4:153:Infinity":26,"f:157:2:157:37":8,"s:158:4:158:Infinity":27,"f:162:2:162:6":9,"s:163:4:163:Infinity":28,"f:167:2:167:18":10,"s:168:4:168:Infinity":29,"s:169:4:169:Infinity":30,"f:174:8:174:41":11,"s:175:4:175:Infinity":31,"f:178:8:178:40":12,"s:179:4:179:Infinity":32,"f:182:8:182:20":13,"s:183:4:183:Infinity":33,"f:186:8:186:22":14,"s:187:4:187:Infinity":34,"f:190:8:190:28":15,"s:191:4:191:Infinity":35,"f:194:8:194:17":16,"s:195:4:195:Infinity":36,"f:198:8:198:21":17,"s:199:4:199:Infinity":37,"f:202:8:202:17":18,"s:203:4:203:Infinity":38,"f:206:8:206:19":19,"s:207:4:207:Infinity":39,"f:212:8:212:28":20,"s:213:4:213:Infinity":40,"f:216:8:216:23":21,"s:217:4:217:Infinity":41,"f:220:8:220:44":22,"s:221:4:221:Infinity":42,"f:224:8:224:81":23,"s:225:4:225:Infinity":43,"f:228:8:228:32":24,"s:229:4:229:Infinity":44,"f:234:8:234:46":25,"s:235:4:235:Infinity":45,"f:238:8:238:45":26,"s:239:4:239:Infinity":46,"f:242:8:242:23":27,"s:243:4:243:Infinity":47,"f:246:8:246:25":28,"s:247:4:247:Infinity":48,"f:250:8:250:27":29,"s:251:4:251:Infinity":49,"f:254:8:254:33":30,"s:255:4:255:Infinity":50,"f:258:8:258:22":31,"s:259:4:259:Infinity":51,"f:264:8:264:42":32,"s:265:4:265:Infinity":52,"f:268:8:268:41":33,"s:269:4:269:Infinity":53,"f:272:8:272:21":34,"s:273:4:273:Infinity":54,"f:278:8:278:44":35,"s:279:4:279:Infinity":55,"f:282:8:282:43":36,"s:283:4:283:Infinity":56,"f:286:8:286:22":37,"s:287:4:287:Infinity":57,"f:290:8:290:30":38,"s:291:4:291:Infinity":58,"f:296:8:296:44":39,"s:297:4:297:Infinity":59,"f:300:8:300:43":40,"s:301:4:301:Infinity":60,"f:304:8:304:22":41,"s:305:4:305:Infinity":61,"f:308:8:308:26":42,"s:309:4:309:Infinity":62,"f:314:8:314:54":43,"s:315:4:315:Infinity":63,"f:318:8:318:53":44,"s:319:4:319:Infinity":64,"f:322:8:322:27":45,"s:323:4:323:Infinity":65,"f:326:8:326:30":46,"s:327:4:327:Infinity":66,"f:330:8:330:31":47,"s:331:4:331:Infinity":67,"f:336:8:336:21":48,"s:337:4:337:Infinity":68,"f:340:8:340:77":49,"s:341:4:341:Infinity":69,"f:346:8:346:21":50,"s:347:4:347:Infinity":70,"f:350:8:350:41":51,"s:351:4:351:Infinity":71,"s:356:19:356:Infinity":72}}}
,"/Users/lixiaodong/Desktop/workspace/yeehome/src/renderer/stores/auth.ts": {"path":"/Users/lixiaodong/Desktop/workspace/yeehome/src/renderer/stores/auth.ts","statementMap":{"0":{"start":{"line":10,"column":13},"end":{"line":153,"column":null}},"1":{"start":{"line":14,"column":8},"end":{"line":14,"column":null}},"2":{"start":{"line":16,"column":8},"end":{"line":16,"column":null}},"3":{"start":{"line":18,"column":8},"end":{"line":18,"column":null}},"4":{"start":{"line":20,"column":8},"end":{"line":20,"column":null}},"5":{"start":{"line":25,"column":8},"end":{"line":29,"column":null}},"6":{"start":{"line":26,"column":4},"end":{"line":26,"column":null}},"7":{"start":{"line":26,"column":31},"end":{"line":26,"column":null}},"8":{"start":{"line":27,"column":24},"end":{"line":27,"column":null}},"9":{"start":{"line":28,"column":4},"end":{"line":28,"column":null}},"10":{"start":{"line":35,"column":4},"end":{"line":44,"column":null}},"11":{"start":{"line":36,"column":21},"end":{"line":36,"column":null}},"12":{"start":{"line":37,"column":6},"end":{"line":37,"column":null}},"13":{"start":{"line":38,"column":6},"end":{"line":38,"column":null}},"14":{"start":{"line":39,"column":6},"end":{"line":39,"column":null}},"15":{"start":{"line":41,"column":6},"end":{"line":41,"column":null}},"16":{"start":{"line":42,"column":6},"end":{"line":42,"column":null}},"17":{"start":{"line":43,"column":6},"end":{"line":43,"column":null}},"18":{"start":{"line":49,"column":4},"end":{"line":57,"column":null}},"19":{"start":{"line":50,"column":20},"end":{"line":50,"column":null}},"20":{"start":{"line":51,"column":18},"end":{"line":51,"column":null}},"21":{"start":{"line":52,"column":6},"end":{"line":52,"column":null}},"22":{"start":{"line":54,"column":6},"end":{"line":54,"column":null}},"23":{"start":{"line":55,"column":6},"end":{"line":55,"column":null}},"24":{"start":{"line":56,"column":6},"end":{"line":56,"column":null}},"25":{"start":{"line":62,"column":4},"end":{"line":62,"column":null}},"26":{"start":{"line":62,"column":32},"end":{"line":62,"column":null}},"27":{"start":{"line":64,"column":4},"end":{"line":64,"column":null}},"28":{"start":{"line":65,"column":4},"end":{"line":65,"column":null}},"29":{"start":{"line":67,"column":4},"end":{"line":82,"column":null}},"30":{"start":{"line":68,"column":21},"end":{"line":68,"column":null}},"31":{"start":{"line":69,"column":6},"end":{"line":73,"column":null}},"32":{"start":{"line":70,"column":8},"end":{"line":70,"column":null}},"33":{"start":{"line":71,"column":8},"end":{"line":71,"column":null}},"34":{"start":{"line":72,"column":8},"end":{"line":72,"column":null}},"35":{"start":{"line":74,"column":6},"end":{"line":74,"column":null}},"36":{"start":{"line":76,"column":6},"end":{"line":76,"column":null}},"37":{"start":{"line":77,"column":6},"end":{"line":77,"column":null}},"38":{"start":{"line":78,"column":6},"end":{"line":78,"column":null}},"39":{"start":{"line":79,"column":6},"end":{"line":79,"column":null}},"40":{"start":{"line":81,"column":6},"end":{"line":81,"column":null}},"41":{"start":{"line":87,"column":4},"end":{"line":95,"column":null}},"42":{"start":{"line":88,"column":6},"end":{"line":88,"column":null}},"43":{"start":{"line":89,"column":6},"end":{"line":89,"column":null}},"44":{"start":{"line":90,"column":6},"end":{"line":90,"column":null}},"45":{"start":{"line":91,"column":6},"end":{"line":91,"column":null}},"46":{"start":{"line":93,"column":6},"end":{"line":93,"column":null}},"47":{"start":{"line":94,"column":6},"end":{"line":94,"column":null}},"48":{"start":{"line":101,"column":4},"end":{"line":104,"column":null}},"49":{"start":{"line":102,"column":6},"end":{"line":102,"column":null}},"50":{"start":{"line":103,"column":6},"end":{"line":103,"column":null}},"51":{"start":{"line":106,"column":4},"end":{"line":108,"column":null}},"52":{"start":{"line":107,"column":6},"end":{"line":107,"column":null}},"53":{"start":{"line":110,"column":4},"end":{"line":113,"column":null}},"54":{"start":{"line":111,"column":6},"end":{"line":111,"column":null}},"55":{"start":{"line":112,"column":6},"end":{"line":112,"column":null}},"56":{"start":{"line":115,"column":4},"end":{"line":118,"column":null}},"57":{"start":{"line":116,"column":6},"end":{"line":116,"column":null}},"58":{"start":{"line":117,"column":6},"end":{"line":117,"column":null}},"59":{"start":{"line":121,"column":4},"end":{"line":125,"column":null}},"60":{"start":{"line":122,"column":6},"end":{"line":124,"column":null}},"61":{"start":{"line":123,"column":8},"end":{"line":123,"column":null}},"62":{"start":{"line":129,"column":4},"end":{"line":129,"column":null}},"63":{"start":{"line":130,"column":4},"end":{"line":130,"column":null}},"64":{"start":{"line":131,"column":4},"end":{"line":131,"column":null}},"65":{"start":{"line":132,"column":4},"end":{"line":132,"column":null}},"66":{"start":{"line":133,"column":4},"end":{"line":133,"column":null}},"67":{"start":{"line":136,"column":2},"end":{"line":152,"column":null}}},"fnMap":{"0":{"name":"(anonymous_0)","decl":{"start":{"line":10,"column":48},"end":{"line":10,"column":54}},"loc":{"start":{"line":10,"column":54},"end":{"line":153,"column":1}},"line":10},"1":{"name":"(anonymous_1)","decl":{"start":{"line":25,"column":39},"end":{"line":25,"column":45}},"loc":{"start":{"line":25,"column":45},"end":{"line":29,"column":3}},"line":25},"2":{"name":"checkAuthStatus","decl":{"start":{"line":34,"column":17},"end":{"line":34,"column":53}},"loc":{"start":{"line":34,"column":53},"end":{"line":45,"column":null}},"line":34},"3":{"name":"getAuthorizationUrl","decl":{"start":{"line":48,"column":17},"end":{"line":48,"column":63}},"loc":{"start":{"line":48,"column":63},"end":{"line":58,"column":null}},"line":48},"4":{"name":"authenticate","decl":{"start":{"line":61,"column":17},"end":{"line":61,"column":30}},"loc":{"start":{"line":61,"column":62},"end":{"line":83,"column":null}},"line":61},"5":{"name":"logout","decl":{"start":{"line":86,"column":17},"end":{"line":86,"column":41}},"loc":{"start":{"line":86,"column":41},"end":{"line":96,"column":null}},"line":86},"6":{"name":"setupEventListeners","decl":{"start":{"line":100,"column":11},"end":{"line":100,"column":39}},"loc":{"start":{"line":100,"column":39},"end":{"line":126,"column":null}},"line":100},"7":{"name":"(anonymous_7)","decl":{"start":{"line":101,"column":40},"end":{"line":101,"column":46}},"loc":{"start":{"line":101,"column":46},"end":{"line":104,"column":5}},"line":101},"8":{"name":"(anonymous_8)","decl":{"start":{"line":106,"column":41},"end":{"line":106,"column":47}},"loc":{"start":{"line":106,"column":47},"end":{"line":108,"column":5}},"line":106},"9":{"name":"(anonymous_9)","decl":{"start":{"line":110,"column":33},"end":{"line":110,"column":39}},"loc":{"start":{"line":110,"column":39},"end":{"line":113,"column":5}},"line":110},"10":{"name":"(anonymous_10)","decl":{"start":{"line":115,"column":36},"end":{"line":115,"column":37}},"loc":{"start":{"line":115,"column":54},"end":{"line":118,"column":5}},"line":115},"11":{"name":"(anonymous_11)","decl":{"start":{"line":121,"column":35},"end":{"line":121,"column":42}},"loc":{"start":{"line":121,"column":59},"end":{"line":125,"column":5}},"line":121},"12":{"name":"cleanupEventListeners","decl":{"start":{"line":128,"column":11},"end":{"line":128,"column":41}},"loc":{"start":{"line":128,"column":41},"end":{"line":134,"column":null}},"line":128}},"branchMap":{"0":{"loc":{"start":{"line":26,"column":4},"end":{"line":26,"column":null}},"type":"if","locations":[{"start":{"line":26,"column":4},"end":{"line":26,"column":null}},{"start":{},"end":{}}],"line":26},"1":{"loc":{"start":{"line":38,"column":29},"end":{"line":38,"column":null}},"type":"binary-expr","locations":[{"start":{"line":38,"column":29},"end":{"line":38,"column":49}},{"start":{"line":38,"column":49},"end":{"line":38,"column":null}}],"line":38},"2":{"loc":{"start":{"line":62,"column":4},"end":{"line":62,"column":null}},"type":"if","locations":[{"start":{"line":62,"column":4},"end":{"line":62,"column":null}},{"start":{},"end":{}}],"line":62},"3":{"loc":{"start":{"line":69,"column":6},"end":{"line":73,"column":null}},"type":"if","locations":[{"start":{"line":69,"column":6},"end":{"line":73,"column":null}},{"start":{},"end":{}}],"line":69},"4":{"loc":{"start":{"line":77,"column":24},"end":{"line":77,"column":null}},"type":"binary-expr","locations":[{"start":{"line":77,"column":24},"end":{"line":77,"column":41}},{"start":{"line":77,"column":41},"end":{"line":77,"column":null}}],"line":77},"5":{"loc":{"start":{"line":122,"column":6},"end":{"line":124,"column":null}},"type":"if","locations":[{"start":{"line":122,"column":6},"end":{"line":124,"column":null}},{"start":{},"end":{}}],"line":122}},"s":{"0":0,"1":0,"2":0,"3":0,"4":0,"5":0,"6":0,"7":0,"8":0,"9":0,"10":0,"11":0,"12":0,"13":0,"14":0,"15":0,"16":0,"17":0,"18":0,"19":0,"20":0,"21":0,"22":0,"23":0,"24":0,"25":0,"26":0,"27":0,"28":0,"29":0,"30":0,"31":0,"32":0,"33":0,"34":0,"35":0,"36":0,"37":0,"38":0,"39":0,"40":0,"41":0,"42":0,"43":0,"44":0,"45":0,"46":0,"47":0,"48":0,"49":0,"50":0,"51":0,"52":0,"53":0,"54":0,"55":0,"56":0,"57":0,"58":0,"59":0,"60":0,"61":0,"62":0,"63":0,"64":0,"65":0,"66":0,"67":0},"f":{"0":0,"1":0,"2":0,"3":0,"4":0,"5":0,"6":0,"7":0,"8":0,"9":0,"10":0,"11":0,"12":0},"b":{"0":[0,0],"1":[0,0],"2":[0,0],"3":[0,0],"4":[0,0],"5":[0,0]},"meta":{"lastBranch":6,"lastFunction":13,"lastStatement":68,"seen":{"s:10:13:153:Infinity":0,"f:10:48:10:54":0,"s:14:8:14:Infinity":1,"s:16:8:16:Infinity":2,"s:18:8:18:Infinity":3,"s:20:8:20:Infinity":4,"s:25:8:29:Infinity":5,"f:25:39:25:45":1,"b:26:4:26:Infinity:undefined:undefined:undefined:undefined":0,"s:26:4:26:Infinity":6,"s:26:31:26:Infinity":7,"s:27:24:27:Infinity":8,"s:28:4:28:Infinity":9,"f:34:17:34:53":2,"s:35:4:44:Infinity":10,"s:36:21:36:Infinity":11,"s:37:6:37:Infinity":12,"s:38:6:38:Infinity":13,"b:38:29:38:49:38:49:38:Infinity":1,"s:39:6:39:Infinity":14,"s:41:6:41:Infinity":15,"s:42:6:42:Infinity":16,"s:43:6:43:Infinity":17,"f:48:17:48:63":3,"s:49:4:57:Infinity":18,"s:50:20:50:Infinity":19,"s:51:18:51:Infinity":20,"s:52:6:52:Infinity":21,"s:54:6:54:Infinity":22,"s:55:6:55:Infinity":23,"s:56:6:56:Infinity":24,"f:61:17:61:30":4,"b:62:4:62:Infinity:undefined:undefined:undefined:undefined":2,"s:62:4:62:Infinity":25,"s:62:32:62:Infinity":26,"s:64:4:64:Infinity":27,"s:65:4:65:Infinity":28,"s:67:4:82:Infinity":29,"s:68:21:68:Infinity":30,"b:69:6:73:Infinity:undefined:undefined:undefined:undefined":3,"s:69:6:73:Infinity":31,"s:70:8:70:Infinity":32,"s:71:8:71:Infinity":33,"s:72:8:72:Infinity":34,"s:74:6:74:Infinity":35,"s:76:6:76:Infinity":36,"s:77:6:77:Infinity":37,"b:77:24:77:41:77:41:77:Infinity":4,"s:78:6:78:Infinity":38,"s:79:6:79:Infinity":39,"s:81:6:81:Infinity":40,"f:86:17:86:41":5,"s:87:4:95:Infinity":41,"s:88:6:88:Infinity":42,"s:89:6:89:Infinity":43,"s:90:6:90:Infinity":44,"s:91:6:91:Infinity":45,"s:93:6:93:Infinity":46,"s:94:6:94:Infinity":47,"f:100:11:100:39":6,"s:101:4:104:Infinity":48,"f:101:40:101:46":7,"s:102:6:102:Infinity":49,"s:103:6:103:Infinity":50,"s:106:4:108:Infinity":51,"f:106:41:106:47":8,"s:107:6:107:Infinity":52,"s:110:4:113:Infinity":53,"f:110:33:110:39":9,"s:111:6:111:Infinity":54,"s:112:6:112:Infinity":55,"s:115:4:118:Infinity":56,"f:115:36:115:37":10,"s:116:6:116:Infinity":57,"s:117:6:117:Infinity":58,"s:121:4:125:Infinity":59,"f:121:35:121:42":11,"b:122:6:124:Infinity:undefined:undefined:undefined:undefined":5,"s:122:6:124:Infinity":60,"s:123:8:123:Infinity":61,"f:128:11:128:41":12,"s:129:4:129:Infinity":62,"s:130:4:130:Infinity":63,"s:131:4:131:Infinity":64,"s:132:4:132:Infinity":65,"s:133:4:133:Infinity":66,"s:136:2:152:Infinity":67}}}
,"/Users/lixiaodong/Desktop/workspace/yeehome/src/renderer/stores/automation.ts": {"path":"/Users/lixiaodong/Desktop/workspace/yeehome/src/renderer/stores/automation.ts","statementMap":{"0":{"start":{"line":11,"column":13},"end":{"line":149,"column":null}},"1":{"start":{"line":14,"column":8},"end":{"line":14,"column":null}},"2":{"start":{"line":15,"column":8},"end":{"line":15,"column":null}},"3":{"start":{"line":16,"column":8},"end":{"line":16,"column":null}},"4":{"start":{"line":20,"column":8},"end":{"line":20,"column":null}},"5":{"start":{"line":20,"column":41},"end":{"line":20,"column":65}},"6":{"start":{"line":22,"column":8},"end":{"line":24,"column":null}},"7":{"start":{"line":23,"column":4},"end":{"line":23,"column":null}},"8":{"start":{"line":23,"column":34},"end":{"line":23,"column":43}},"9":{"start":{"line":26,"column":8},"end":{"line":28,"column":null}},"10":{"start":{"line":27,"column":4},"end":{"line":27,"column":null}},"11":{"start":{"line":27,"column":34},"end":{"line":27,"column":44}},"12":{"start":{"line":34,"column":4},"end":{"line":34,"column":null}},"13":{"start":{"line":35,"column":4},"end":{"line":43,"column":null}},"14":{"start":{"line":36,"column":31},"end":{"line":36,"column":null}},"15":{"start":{"line":37,"column":6},"end":{"line":37,"column":null}},"16":{"start":{"line":39,"column":6},"end":{"line":39,"column":null}},"17":{"start":{"line":40,"column":6},"end":{"line":40,"column":null}},"18":{"start":{"line":42,"column":6},"end":{"line":42,"column":null}},"19":{"start":{"line":48,"column":4},"end":{"line":48,"column":null}},"20":{"start":{"line":49,"column":4},"end":{"line":55,"column":null}},"21":{"start":{"line":50,"column":6},"end":{"line":50,"column":null}},"22":{"start":{"line":52,"column":6},"end":{"line":52,"column":null}},"23":{"start":{"line":54,"column":6},"end":{"line":54,"column":null}},"24":{"start":{"line":60,"column":4},"end":{"line":74,"column":null}},"25":{"start":{"line":61,"column":22},"end":{"line":61,"column":null}},"26":{"start":{"line":62,"column":6},"end":{"line":68,"column":null}},"27":{"start":{"line":63,"column":27},"end":{"line":63,"column":null}},"28":{"start":{"line":63,"column":55},"end":{"line":63,"column":76}},"29":{"start":{"line":64,"column":8},"end":{"line":66,"column":null}},"30":{"start":{"line":65,"column":10},"end":{"line":65,"column":null}},"31":{"start":{"line":67,"column":8},"end":{"line":67,"column":null}},"32":{"start":{"line":69,"column":6},"end":{"line":69,"column":null}},"33":{"start":{"line":71,"column":6},"end":{"line":71,"column":null}},"34":{"start":{"line":72,"column":6},"end":{"line":72,"column":null}},"35":{"start":{"line":73,"column":6},"end":{"line":73,"column":null}},"36":{"start":{"line":79,"column":4},"end":{"line":93,"column":null}},"37":{"start":{"line":80,"column":22},"end":{"line":80,"column":null}},"38":{"start":{"line":81,"column":6},"end":{"line":87,"column":null}},"39":{"start":{"line":82,"column":27},"end":{"line":82,"column":null}},"40":{"start":{"line":82,"column":55},"end":{"line":82,"column":76}},"41":{"start":{"line":83,"column":8},"end":{"line":85,"column":null}},"42":{"start":{"line":84,"column":10},"end":{"line":84,"column":null}},"43":{"start":{"line":86,"column":8},"end":{"line":86,"column":null}},"44":{"start":{"line":88,"column":6},"end":{"line":88,"column":null}},"45":{"start":{"line":90,"column":6},"end":{"line":90,"column":null}},"46":{"start":{"line":91,"column":6},"end":{"line":91,"column":null}},"47":{"start":{"line":92,"column":6},"end":{"line":92,"column":null}},"48":{"start":{"line":98,"column":23},"end":{"line":98,"column":null}},"49":{"start":{"line":98,"column":51},"end":{"line":98,"column":72}},"50":{"start":{"line":99,"column":4},"end":{"line":99,"column":null}},"51":{"start":{"line":99,"column":21},"end":{"line":99,"column":null}},"52":{"start":{"line":101,"column":4},"end":{"line":103,"column":null}},"53":{"start":{"line":108,"column":4},"end":{"line":108,"column":null}},"54":{"start":{"line":108,"column":39},"end":{"line":108,"column":50}},"55":{"start":{"line":113,"column":4},"end":{"line":113,"column":null}},"56":{"start":{"line":119,"column":4},"end":{"line":121,"column":null}},"57":{"start":{"line":120,"column":6},"end":{"line":120,"column":null}},"58":{"start":{"line":125,"column":4},"end":{"line":125,"column":null}},"59":{"start":{"line":128,"column":2},"end":{"line":148,"column":null}}},"fnMap":{"0":{"name":"(anonymous_0)","decl":{"start":{"line":11,"column":60},"end":{"line":11,"column":66}},"loc":{"start":{"line":11,"column":66},"end":{"line":149,"column":1}},"line":11},"1":{"name":"(anonymous_1)","decl":{"start":{"line":20,"column":35},"end":{"line":20,"column":41}},"loc":{"start":{"line":20,"column":41},"end":{"line":20,"column":65}},"line":20},"2":{"name":"(anonymous_2)","decl":{"start":{"line":22,"column":38},"end":{"line":22,"column":null}},"loc":{"start":{"line":23,"column":4},"end":{"line":23,"column":null}},"line":23},"3":{"name":"(anonymous_3)","decl":{"start":{"line":23,"column":29},"end":{"line":23,"column":34}},"loc":{"start":{"line":23,"column":34},"end":{"line":23,"column":43}},"line":23},"4":{"name":"(anonymous_4)","decl":{"start":{"line":26,"column":39},"end":{"line":26,"column":null}},"loc":{"start":{"line":27,"column":4},"end":{"line":27,"column":null}},"line":27},"5":{"name":"(anonymous_5)","decl":{"start":{"line":27,"column":29},"end":{"line":27,"column":34}},"loc":{"st
[...]
"start":{"line":40,"column":48},"end":{"line":40,"column":58}},"line":40},"10":{"name":"(anonymous_10)","decl":{"start":{"line":55,"column":14},"end":{"line":55,"column":17}},"loc":{"start":{"line":55,"column":42},"end":{"line":55,"column":42}},"line":55},"11":{"name":"(anonymous_11)","decl":{"start":{"line":57,"column":77},"end":{"line":57,"column":null}},"loc":{"start":{"line":58,"column":15},"end":{"line":58,"column":null}},"line":58},"12":{"name":"(anonymous_12)","decl":{"start":{"line":68,"column":13},"end":{"line":68,"column":null}},"loc":{"start":{"line":70,"column":12},"end":{"line":70,"column":24}},"line":70}},"branchMap":{"0":{"loc":{"start":{"line":95,"column":2},"end":{"line":95,"column":null}},"type":"cond-expr","locations":[{"start":{"line":95,"column":30},"end":{"line":95,"column":41}},{"start":{"line":95,"column":41},"end":{"line":95,"column":null}}],"line":95},"1":{"loc":{"start":{"line":99,"column":2},"end":{"line":102,"column":null}},"type":"if","locations":[{"start":{"line":99,"column":2},"end":{"line":102,"column":null}},{"start":{},"end":{}}],"line":99},"2":{"loc":{"start":{"line":120,"column":9},"end":{"line":120,"column":null}},"type":"binary-expr","locations":[{"start":{"line":120,"column":9},"end":{"line":120,"column":26}},{"start":{"line":120,"column":26},"end":{"line":120,"column":null}}],"line":120},"3":{"loc":{"start":{"line":125,"column":11},"end":{"line":125,"column":null}},"type":"cond-expr","locations":[{"start":{"line":125,"column":26},"end":{"line":125,"column":33}},{"start":{"line":125,"column":33},"end":{"line":125,"column":null}}],"line":125},"4":{"loc":{"start":{"line":131,"column":9},"end":{"line":131,"column":null}},"type":"binary-expr","locations":[{"start":{"line":131,"column":9},"end":{"line":131,"column":34}},{"start":{"line":131,"column":34},"end":{"line":131,"column":null}}],"line":131},"5":{"loc":{"start":{"line":136,"column":2},"end":{"line":138,"column":null}},"type":"if","locations":[{"start":{"line":136,"column":2},"end":{"line":138,"column":null}},{"start":{},"end":{}}],"line":136},"6":{"loc":{"start":{"line":136,"column":6},"end":{"line":136,"column":67}},"type":"binary-expr","locations":[{"start":{"line":136,"column":6},"end":{"line":136,"column":35}},{"start":{"line":136,"column":35},"end":{"line":136,"column":67}}],"line":136},"7":{"loc":{"start":{"line":23,"column":14},"end":{"line":23,"column":69}},"type":"binary-expr","locations":[{"start":{"line":23,"column":14},"end":{"line":23,"column":49}},{"start":{"line":23,"column":38},"end":{"line":23,"column":69}}],"line":23},"8":{"loc":{"start":{"line":44,"column":45},"end":{"line":44,"column":74}},"type":"binary-expr","locations":[{"start":{"line":44,"column":45},"end":{"line":44,"column":66}},{"start":{"line":44,"column":66},"end":{"line":44,"column":74}}],"line":44}},"s":{"0":0,"1":0,"2":0,"3":0,"4":0,"5":0,"6":0,"7":0,"8":0,"9":0,"10":0,"11":0,"12":0,"13":0,"14":0,"15":0,"16":0,"17":0,"18":0,"19":0,"20":0,"21":0,"22":0,"23":0,"24":0,"25":0,"26":0,"27":0,"28":0,"29":0,"30":0,"31":0,"32":0,"33":0,"34":0,"35":0},"f":{"0":0,"1":0,"2":0,"3":0,"4":0,"5":0,"6":0,"7":0,"8":0,"9":0,"10":0,"11":0,"12":0},"b":{"0":[0,0],"1":[0,0],"2":[0,0],"3":[0,0],"4":[0,0],"5":[0,0],"6":[0,0],"7":[0,0],"8":[0,0]},"meta":{"lastBranch":9,"lastFunction":13,"lastStatement":36,"seen":{"s:90:6:90:Infinity":0,"s:91:6:91:Infinity":1,"s:92:6:92:Infinity":2,"s:94:6:96:Infinity":3,"f:94:27:94:Infinity":0,"s:95:2:95:Infinity":4,"b:95:30:95:41:95:41:95:Infinity":0,"s:98:22:104:Infinity":5,"f:98:22:98:28":1,"b:99:2:102:Infinity:undefined:undefined:undefined:undefined":1,"s:99:2:102:Infinity":6,"s:100:4:100:Infinity":7,"s:101:4:101:Infinity":8,"s:103:2:103:Infinity":9,"s:106:27:106:Infinity":10,"f:106:27:106:33":2,"s:106:33:106:Infinity":11,"s:108:22:110:Infinity":12,"f:108:22:108:29":3,"s:109:2:109:Infinity":13,"s:112:25:121:Infinity":14,"f:112:25:112:26":4,"s:113:98:119:Infinity":15,"s:120:2:120:Infinity":16,"b:120:9:120:26:120:26:120:Infinity":2,"s:123:23:132:Infinity":17,"f:123:23:123:24":5,"s:124:52:130:Infinity":18,"b:125:26:125:33:125:33:125:Infinity":3,"s:131:2:131:Infinity":19,"b:131:9:131:34:131:34:131:Infinity":4,"s:134:0:139:Infinity":20,"f:134:10:134:16":6,"s:135:2:135:Infinity":21,"b:136:2:138:Infinity:undefined:undefined:undefined:undefined":5,"s:136:2:138:Infinity":22,"b:136:6:136:35:136:35:136:67":6,"s:137:4:137:Infinity":23,"s:141:0:143:Infinity":24,"f:141:12:141:18":7,"s:142:2:142:Infinity":25,"s:2:7:2:Infinity":26,"s:21:9:21:Infinity":27,"b:23:14:23:49:23:38:23:69":7,"s:43:40:44:74":28,"b:44:45:44:66:44:66:44:74":8,"s:55:17:55:42":29,"s:58:18:58:Infinity":30,"f:67:20:67:22":8,"s:67:22:67:Infinity":31,"f:40:34:40:48":9,"s:40:48:40:58":32,"f:55:14:55:17":10,"s:55:42:55:42":33,"f:57:77:57:Infinity":11,"s:58:15:58:Infinity":34,"f:68:13:68:Infinity":12,"s:70:12:70:24":35}}}
,"/Users/lixiaodong/Desktop/workspace/yeehome/src/renderer/views/SettingsView.vue": {"path":"/Users/lixiaodong/Desktop/workspace/yeehome/src/renderer/views/SettingsView.vue","statementMap":{"0":{"start":{"line":192,"column":6},"end":{"line":192,"column":null}},"1":{"start":{"line":193,"column":6},"end":{"line":193,"column":null}},"2":{"start":{"line":196,"column":6},"end":{"line":196,"column":null}},"3":{"start":{"line":197,"column":6},"end":{"line":197,"column":null}},"4":{"start":{"line":198,"column":6},"end":{"line":198,"column":null}},"5":{"start":{"line":199,"column":6},"end":{"line":199,"column":null}},"6":{"start":{"line":202,"column":20},"end":{"line":209,"column":null}},"7":{"start":{"line":203,"column":14},"end":{"line":203,"column":null}},"8":{"start":{"line":204,"column":2},"end":{"line":208,"column":null}},"9":{"start":{"line":206,"column":4},"end":{"line":206,"column":null}},"10":{"start":{"line":207,"column":4},"end":{"line":207,"column":null}},"11":{"start":{"line":211,"column":21},"end":{"line":226,"column":null}},"12":{"start":{"line":212,"column":2},"end":{"line":225,"column":null}},"13":{"start":{"line":213,"column":4},"end":{"line":221,"column":null}},"14":{"start":{"line":222,"column":4},"end":{"line":222,"column":null}},"15":{"start":{"line":228,"column":26},"end":{"line":230,"column":null}},"16":{"start":{"line":229,"column":2},"end":{"line":229,"column":null}},"17":{"start":{"line":232,"column":28},"end":{"line":234,"column":null}},"18":{"start":{"line":233,"column":2},"end":{"line":233,"column":null}},"19":{"start":{"line":236,"column":33},"end":{"line":238,"column":null}},"20":{"start":{"line":237,"column":2},"end":{"line":237,"column":null}},"21":{"start":{"line":240,"column":28},"end":{"line":242,"column":null}},"22":{"start":{"line":241,"column":2},"end":{"line":241,"column":null}},"23":{"start":{"line":244,"column":17},"end":{"line":246,"column":null}},"24":{"start":{"line":245,"column":2},"end":{"line":245,"column":null}},"25":{"start":{"line":249,"column":21},"end":{"line":259,"column":null}},"26":{"start":{"line":250,"column":28},"end":{"line":250,"column":null}},"27":{"start":{"line":251,"column":2},"end":{"line":253,"column":null}},"28":{"start":{"line":252,"column":4},"end":{"line":252,"column":null}},"29":{"start":{"line":255,"column":23},"end":{"line":255,"column":null}},"30":{"start":{"line":256,"column":2},"end":{"line":258,"column":null}},"31":{"start":{"line":257,"column":4},"end":{"line":257,"column":null}},"32":{"start":{"line":262,"column":0},"end":{"line":266,"column":null}},"33":{"start":{"line":263,"column":2},"end":{"line":263,"column":null}},"34":{"start":{"line":264,"column":2},"end":{"line":264,"column":null}},"35":{"start":{"line":265,"column":2},"end":{"line":265,"column":null}},"36":{"start":{"line":268,"column":0},"end":{"line":270,"column":null}},"37":{"start":{"line":269,"column":2},"end":{"line":269,"column":null}},"38":{"start":{"line":2,"column":7},"end":{"line":2,"column":null}},"39":{"start":{"line":14,"column":15},"end":{"line":14,"column":59}},"40":{"start":{"line":10,"column":40},"end":{"line":10,"column":50}},"41":{"start":{"line":14,"column":59},"end":{"line":14,"column":59}},"42":{"start":{"line":23,"column":62},"end":{"line":23,"column":72}},"43":{"start":{"line":31,"column":10},"end":{"line":31,"column":22}},"44":{"start":{"line":37,"column":70},"end":{"line":37,"column":80}},"45":{"start":{"line":49,"column":10},"end":{"line":49,"column":22}},"46":{"start":{"line":59,"column":41},"end":{"line":59,"column":51}},"47":{"start":{"line":71,"column":35},"end":{"line":71,"column":50}},"48":{"start":{"line":73,"column":32},"end":{"line":73,"column":42}},"49":{"start":{"line":77,"column":31},"end":{"line":77,"column":41}},"50":{"start":{"line":73,"column":42},"end":{"line":74,"column":29}},"51":{"start":{"line":77,"column":41},"end":{"line":78,"column":29}},"52":{"start":{"line":93,"column":21},"end":{"line":93,"column":null}},"53":{"start":{"line":105,"column":39},"end":{"line":105,"column":49}},"54":{"start":{"line":117,"column":30},"end":{"line":117,"column":45}},"55":{"start":{"line":130,"column":21},"end":{"line":130,"column":null}},"56":{"start":{"line":145,"column":46},"end":{"line":145,"column":56}},"57":{"start":{"line":161,"column":34},"end":{"line":161,"column":null}},"58":{"start":{"line":162,"column":29},"end":{"line":162,"column":39}},"59":{"start":{"line":165,"column":34},"end":{"line":165,"column":null}},"60":{"start":{"line":166,"column":29},"end":{"line":166,"column":39}},"61":{"start":{"line":162,"column":39},"end":{"line":164,"column":22}},"62":{"start":{"line":166,"column":39},"end":{"line":168,"column":22}}},"fnMap":{"0":{"name":"(anonymous_0)","decl":{"start":{"line":202,"column":20},"end":{"line":202,"column":32}},"loc":{"start":{"line":202,"column":32},"end":{"line":209,"column":null}},"line":202},"1":{"name":"(anonymous_1)","decl":{"start":{"line":211,"column":21},"end":{"line":211,"column":33}},"loc":{"start":{"line":211,"column":33},"end":{"line":226,"column":null}},"line":211},"2":{"name":"(anonymous_2)","decl":{"start":{"line":228,"column":26},"end":{"line":228,"column":27}},"loc":{"start":{"line":228,"column":44},"end":{"line":230,"column":null}},"line":228},"3":{"name":"(anonymous_3)","decl":{"start":{"line":232,"column":28},"end":{"line":232,"column":29}},"loc":{"start":{"line":232,"column":52},"end":{"line":234,"column":null}},"line":232},"4":{"name":"(anonymous_4)","decl":{"start":{"line":236,"column":33},"end":{"line":236,"column":34}},"loc":{"start":{"line":236,"column":53},"end":{"line":238,"column":null}},"line":236},"5":{"name":"(anonymous_5)","decl":{"start":{"line":240,"column":28},"end":{"line":240,"column":29}},"loc":{"start":{"line":240,"column":47},"end":{"line":242,"column":null}},"line":240},"6":{"name":"(anonymous_6)","decl":{"start":{"line":244,"column":17},"end":{"line":244,"column":24}},"loc":{"start":{"line":244,"column":40},"end":{"line":246,"column":null}},"line":244},"7":{"name":"(anonymous_7)","decl":{"start":{"line":249,"column":21},"end":{"line":249,"column":27}},"loc":{"start":{"line":249,"column":27},"end":{"line":259,"column":null}},"line":249},"8":{"name":"(anonymous_8)","decl":{"start":{"line":262,"column":10},"end":{"line":262,"column":16}},"loc":{"start":{"line":262,"column":16},"end":{"line":266,"column":1}},"line":262},"9":{"name":"(anonymous_9)","decl":{"start":{"line":268,"column":12},"end":{"line":268,"column":18}},"loc":{"start":{"line":268,"column":18},"end":{"line":270,"column":1}},"line":268},"10":{"name":"(anonymous_10)","decl":{"start":{"line":10,"column":32},"end":{"line":10,"column":40}},"loc":{"start":{"line":10,"column":40},"end":{"line":10,"column":50}},"line":10},"11":{"name":"(anonymous_11)","decl":{"start":{"line":14,"column":12},"end":{"line":14,"column":15}},"loc":{"start":{"line":14,"column":59},"end":{"line":14,"column":59}},"line":14},"12":{"name":"(anonymous_12)","decl":{"start":{"line":23,"column":52},"end":{"line":23,"column":62}},"loc":{"start":{"line":23,"column":62},"end":{"line":23,"column":72}},"line":23},"13":{"name":"(anonymous_13)","decl":{"start":{"line":29,"column":63},"end":{"line":29,"column":null}},"loc":{"start":{"line":31,"column":10},"end":{"line":31,"column":22}},"line":31},"14":{"name":"(anonymous_14)","decl":{"start":{"line":37,"column":60},"end":{"line":37,"column":70}},"loc":{"start":{"line":37,"column":70},"end":{"line":37,"column":80}},"line":37},"15":{"name":"(anonymous_15)","decl":{"start":{"line":47,"column":11},"end":{"line":47,"column":null}},"loc":{"start":{"line":49,"column":10},"end":{"line":49,"column":22}},"line":49},"16":{"name":"(anonymous_16)","decl":{"start":{"line":59,"column":32},"end":{"line":59,"column":41}},"loc":{"start":{"line":59,"column":41},"end":{"line":59,"column":51}},"line":59},"17":{"name":"(anonymous_17)","decl":{"start":{"line":71,"column":35},"end":{"line":71,"column":47}},"loc":{"start":{"line":71,"column":35},"end":{"line":71,"column":50}},"line":71},"18":{"name":"(anonymous_18)","decl":{"start":{"line":73,"column":23},"end":{"line":73,"column":32}},"loc":{"start":{"line":73,"column":32},"end":{"line":73,"column":42}},"line":73},"19":{"name":"(anonymous_19)","decl":{"start":{"line":77,"column":23},"end":{"line":77,"column":31}},"loc":{"start":{"line":77,"column":31},"end":{"line":77,"column":41}},"line":77},"20":{"name":"(anonymous_20)","decl":{"start":{"line":73,"column":14},"end":{"line":73,"column":23}},"loc":{"start":{"line":73,"column":42},"end":{"line":74,"column":29}},"line":73},"21":{"name":"(anonymous_21)","decl":{"start":{"line":77,"column":14},"end":{"line":77,"column":23}},"loc":{"start":{"line":77,"column":41},"end":{"line":78,"column":29}},"line":77},"22":{"name":"(anonymous_22)","decl":{"start":{"line":93,"column":21},"end":{"line":93,"column":37}},"loc":{"start":{"line":93,"column":21},"end":{"line":93,"column":null}},"line":93},"23":{"name":"(anonymous_23)","decl":{"start":{"line":105,"column":32},"end":{"line":105,"column":39}},"loc":{"start":{"line":105,"column":39},"end":{"line":105,"column":49}},"line":105},"24":{"name":"(anonymous_24)","decl":{"start":{"line":117,"column":30},"end":{"line":117,"column":42}},"loc":{"start":{"line":117,"column":30},"end":{"line":117,"column":45}},"line":117},"25":{"name":"(anonymous_25)","decl":{"start":{"line":130,"column":21},"end":{"line":130,"column":36}},"loc":{"start":{"line":130,"column":21},"end":{"line":130,"column":null}},"line":130},"26":{"name":"(anonymous_26)","decl":{"start":{"line":145,"column":32},"end":{"line":145,"column":46}},"loc":{"start":{"line":145,"column":46},"end":{"line":145,"column":56}},"line":145},"27":{"name":"(anonymous_27)","decl":{"start":{"line":161,"column":32},"end":{"line":161,"column":34}},"loc":{"start":{"line":161,"column":34},"end":{"line":161,"column":null}},"line":161},"28":{"name":"(anonymous_28)","decl":{"start":{"line":162,"column":21},"end":{"line":162,"column":29}},"loc":{"start":{"line":162,"column":29},"end":{"line":162,"column":39}},"line":162},"29":{"name":"(anonymous_29)","decl":{"start":{"line":165,"column":32},"end":{"line":165,"column":34}},"loc":{"start":{"line":165,"column":34},"end":{"line":165,"column":null}},"line":165},"30":{"name":"(anonymous_30)","decl":{"start":{"line":166,"column":21},"end":{"line":166,"column":29}},"loc":{"start":{"line":166,"column":29},"end":{"line":166,"column":39}},"line":166},"31":{"name":"(anonymous_31)","decl":{"start":{"line":162,"column":12},"end":{"line":162,"column":21}},"loc":{"start":{"line":162,"column":39},"end":{"line":164,"column":22}},"line":162},"32":{"name":"(anonymous_32)","decl":{"start":{"line":166,"column":12},"end":{"line":166,"column":21}},"loc":{"start":{"line":166,"column":39},"end":{"line":168,"column":22}},"line":166}},"branchMap":{"0":{"loc":{"start":{"line":204,"column":2},"end":{"line":208,"column":null}},"type":"if","locations":[{"start":{"line":204,"column":2},"end":{"line":208,"column":null}},{"start":{},"end":{}}],"line":204},"1":{"loc":{"start":{"line":251,"column":2},"end":{"line":253,"column":null}},"type":"if","locations":[{"start":{"line":251,"column":2},"end":{"line":253,"column":null}},{"start":{},"end":{}}],"line":251},"2":{"loc":{"start":{"line":256,"column":2},"end":{"line":258,"column":null}},"type":"if","locations":[{"start":{"line":256,"column":2},"end":{"line":258,"column":null}},{"start":{},"end":{}}],"line":256},"3":{"loc":{"start":{"line":13,"column":25},"end":{"line":13,"column":73}},"type":"cond-expr","locations":[{"start":{"line":13,"column":50},"end":{"line":13,"column":73}},{"start":{"line":13,"column":50},"end":{"line":13,"column":73}}],"line":13},"4":{"loc":{"start":{"line":14,"column":15},"end":{"line":14,"column":59}},"type":"cond-expr","locations":[{"start":{"line":14,"column":40},"end":{"line":14,"column":59}},{"start":{"line":14,"column":40},"end":{"line":14,"column":59}}],"line":14}},"s":{"0":0,"1":0,"2":0,"3":0,"4":0,"5":0,"6":0,"7":0,"8":0,"9":0,"10":0,"11":0,"12":0,"13":0,"14":0,"15":0,"16":0,"17":0,"18":0,"19":0,"20":0,"21":0,"22":0,"23":0,"24":0,"25":0,"26":0,"27":0,"28":0,"29":0,"30":0,"31":0,"32":0,"33":0,"34":0,"35":0,"36":0,"37":0,"38":0,"39":0,"40":0,"41":0,"42":0,"43":0,"44":0,"45":0,"46":0,"47":0,"48":0,"49":0,"50":0,"51":0,"52":0,"53":0,"54":0,"55":0,"56":0,"57":0,"58":0,"59":0,"60":0,"61":0,"62":0},"f":{"0":0,"1":0,"2":0,"3":0,"4":0,"5":0,"6":0,"7":0,"8":0,"9":0,"10":0,"11":0,"12":0,"13":0,"14":0,"15":0,"16":0,"17":0,"18":0,"19":0,"20":0,"21":0,"22":0,"23":0,"24":0,"25":0,"26":0,"27":0,"28":0,"29":0,"30":0,"31":0,"32":0},"b":{"0":[0,0],"1":[0,0],"2":[0,0],"3":[0,0],"4":[0,0]},"meta":{"lastBranch":5,"lastFunction":33,"lastStatement":63,"seen":{"s:192:6:192:Infinity":0,"s:193:6:193:Infinity":1,"s:196:6:196:Infinity":2,"s:197:6:197:Infinity":3,"s:198:6:198:Infinity":4,"s:199:6:199:Infinity":5,"s:202:20:209:Infinity":6,"f:202:20:202:32":0,"s:203:14:203:Infinity":7,"b:204:2:208:Infinity:undefined:undefined:undefined:undefined":0,"s:204:2:208:Infinity":8,"s:206:4:206:Infinity":9,"s:207:4:207:Infinity":10,"s:211:21:226:Infinity":11,"f:211:21:211:33":1,"s:212:2:225:Infinity":12,"s:213:4:221:Infinity":13,"s:222:4:222:Infinity":14,"s:228:26:230:Infinity":15,"f:228:26:228:27":2,"s:229:2:229:Infinity":16,"s:232:28:234:Infinity":17,"f:232:28:232:29":3,"s:233:2:233:Infinity":18,"s:236:33:238:Infinity":19,"f:236:33:236:34":4,"s:237:2:237:Infinity":20,"s:240:28:242:Infinity":21,"f:240:28:240:29":5,"s:241:2:241:Infinity":22,"s:244:17:246:Infinity":23,"f:244:17:244:24":6,"s:245:2:245:Infinity":24,"s:249:21:259:Infinity":25,"f:249:21:249:27":7,"s:250:28:250:Infinity":26,"b:251:2:253:Infinity:undefined:undefined:undefined:undefined":1,"s:251:2:253:Infinity":27,"s:252:4:252:Infinity":28,"s:255:23:255:Infinity":29,"b:256:2:258:Infinity:undefined:undefined:undefined:undefined":2,"s:256:2:258:Infinity":30,"s:257:4:257:Infinity":31,"s:262:0:266:Infinity":32,"f:262:10:262:16":8,"s:263:2:263:Infinity":33,"s:264:2:264:Infinity":34,"s:265:2:265:Infinity":35,"s:268:0:270:Infinity":36,"f:268:12:268:18":9,"s:269:2:269:Infinity":37,"s:2:7:2:Infinity":38,"b:13:50:13:73:13:50:13:73":3,"s:14:15:14:59":39,"b:14:40:14:59:14:40:14:59":4,"f:10:32:10:40":10,"s:10:40:10:50":40,"f:14:12:14:15":11,"s:14:59:14:59":41,"f:23:52:23:62":12,"s:23:62:23:72":42,"f:29:63:29:Infinity":13,"s:31:10:31:22":43,"f:37:60:37:70":14,"s:37:70:37:80":44,"f:47:11:47:Infinity":15,"s:49:10:49:22":45,"f:59:32:59:41":16,"s:59:41:59:51":46,"f:71:35:71:47":17,"s:71:35:71:50":47,"f:73:23:73:32":18,"s:73:32:73:42":48,"f:77:23:77:31":19,"s:77:31:77:41":49,"f:73:14:73:23":20,"s:73:42:74:29":50,"f:77:14:77:23":21,"s:77:41:78:29":51,"f:93:21:93:37":22,"s:93:21:93:Infinity":52,"f:105:32:105:39":23,"s:105:39:105:49":53,"f:117:30:117:42":24,"s:117:30:117:45":54,"f:130:21:130:36":25,"s:130:21:130:Infinity":55,"f:145:32:145:46":26,"s:145:46:145:56":56,"f:161:32:161:34":27,"s:161:34:161:Infinity":57,"f:162:21:162:29":28,"s:162:29:162:39":58,"f:165:32:165:34":29,"s:165:34:165:Infinity":59,"f:166:21:166:29":30,"s:166:29:166:39":60,"f:162:12:162:21":31,"s:162:39:164:22":61,"f:166:12:166:21":32,"s:166:39:168:22":62}}}
}
